<?xml version="1.0" encoding="utf-8"?><testsuites><testsuite name="pytest" errors="0" failures="21" skipped="0" tests="268" time="9.193" timestamp="2025-12-04T18:27:07.711904" hostname="Simons-MacBook-Air.local"><properties>
[...]
</properties><testcase classname="tests.integration.test_edge_cases.TestEdgeCases" name="test_whitespace_in_email_input" time="0.036" /><testcase classname="tests.integration.test_edge_cases.TestEdgeCases" name="test_unicode_characters_in_name" time="0.009" /><testcase classname="tests.integration.test_edge_cases.TestEdgeCases" name="test_unicode_characters_in_address" time="0.005" /><testcase classname="tests.integration.test_edge_cases.TestEdgeCases" name="test_very_long_string_in_name_field" time="0.003" /><testcase classname="tests.integration.test_edge_cases.TestEdgeCases" name="test_very_long_string_in_address_field" time="0.003" /><testcase classname="tests.integration.test_edge_cases.TestEdgeCases" name="test_floating_point_precision_in_prices" time="0.000" /><testcase classname="tests.integration.test_edge_cases.TestEdgeCases" name="test_price_edge_cases" time="0.000" /><testcase classname="tests.integration.test_edge_cases.TestEdgeCases" name="test_checkout_with_empty_cart" time="0.002" /><testcase classname="tests.integration.test_edge_cases.TestEdgeCases" name="test_session_isolation_between_users" time="0.007" /><testcase classname="tests.integration.test_edge_cases.TestEdgeCases" name="test_special_characters_in_book_title" time="0.000" /><testcase classname="tests.integration.test_edge_cases.TestEdgeCases" name="test_cvv_with_letters" time="0.002" /><testcase classname="tests.integration.test_edge_cases.TestEdgeCases" name="test_expired_credit_card_past_date" time="0.002" /><testcase classname="tests.integration.test_edge_cases.TestEdgeCases" name="test_none_values_in_required_fields" time="0.002" /><testcase classname="tests.integration.test_edge_cases.TestEdgeCases" name="test_multiple_cart_operations_in_sequence" time="0.003" /><testcase classname="tests.integration.test_edge_cases.TestEdgeCases" name="test_add_same_book_multiple_times" time="0.003" /><testcase classname="tests.integration.test_edge_cases.TestEdgeCases" name="test_clear_cart_multiple_times" time="0.003" /><testcase classname="tests.integration.test_edge_cases.TestEdgeCases" name="test_remove_nonexistent_book_from_cart" time="0.002" /><testcase classname="tests.integration.test_edge_cases.TestEdgeCases" name="test_update_nonexistent_book_quantity" time="0.002" /><testcase classname="tests.integration.test_routes_account.TestAccountRoutes" name="test_account_page_requires_login" time="0.003" /><testcase classname="tests.integration.test_routes_account.TestAccountRoutes" name="test_account_page_when_logged_in" time="0.007" /><testcase classname="tests.integration.test_routes_account.TestAccountRoutes" name="test_account_shows_user_info" time="0.002" /><testcase classname="tests.integration.test_routes_account.TestAccountRoutes" name="test_account_shows_order_history" time="0.002" /><testcase classname="tests.integration.test_routes_account.TestAccountRoutes" name="test_update_profile_requires_login" time="0.001" /><testcase classname="tests.integration.test_routes_account.TestAccountRoutes" name="test_update_profile_name_and_address" time="0.002" /><testcase classname="tests.integration.test_routes_account.TestAccountRoutes" name="test_update_profile_password" time="0.002" /><testcase classname="tests.integration.test_routes_account.TestAccountRoutes" name="test_update_profile_without_password_change" time="0.002" /><testcase classname="tests.integration.test_routes_account.TestAccountRoutes" name="test_update_profile_partial_data" time="0.002" /><testcase classname="tests.integration.test_routes_account.TestAccountRoutes" name="test_login_required_decorator" time="0.002" /><testcase classname="tests.integration.test_routes_auth.TestAuthRoutes" name="test_register_page_get" time="0.001" /><testcase classname="tests.integration.test_routes_auth.TestAuthRoutes" name="test_register_valid_user" time="0.002" /><testcase classname="tests.integration.test_routes_auth.TestAuthRoutes" name="test_register_creates_user_in_storage" time="0.002" /><testcase classname="tests.integration.test_routes_auth.TestAuthRoutes" name="test_register_logs_user_in" time="0.002" /><testcase classname="tests.integration.test_routes_auth.TestAuthRoutes" name="test_register_duplicate_email" time="0.002" /><testcase classname="tests.integration.test_routes_auth.TestAuthRoutes" name="test_register_duplicate_email_different_case" time="0.001" /><testcase classname="tests.integration.test_routes_auth.TestAuthRoutes" name="test_register_invalid_email_format" time="0.003" /><testcase classname="tests.integration.test_routes_auth.TestAuthRoutes" name="test_register_missing_required_fields" time="0.002" /><testcase classname="tests.integration.test_routes_auth.TestAuthRoutes" name="test_register_missing_email" time="0.001" /><testcase classname="tests.integration.test_routes_auth.TestAuthRoutes" name="test_login_page_get" time="0.001" /><testcase classname="tests.integration.test_routes_auth.TestAuthRoutes" name="test_login_valid_credentials" time="0.002" /><testcase classname="tests.integration.test_routes_auth.TestAuthRoutes" name="test_login_sets_session" time="0.001" /><testcase classname="tests.integration.test_routes_auth.TestAuthRoutes" name="test_login_invalid_email" time="0.001" /><testcase classname="tests.integration.test_routes_auth.TestAuthRoutes" name="test_login_wrong_password" time="0.001" /><testcase classname="tests.integration.test_routes_auth.TestAuthRoutes" name="test_logout" time="0.002" /><testcase classname="tests.integration.test_routes_auth.TestAuthRoutes" name="test_logout_clears_session" time="0.002" /><testcase classname="tests.integration.test_routes_auth.TestAuthRoutes" name="test_logout_when_not_logged_in" time="0.001" /><testcase classname="tests.integration.test_routes_cart.TestCartRoutes" name="test_view_cart_page" time="0.001" /><testcase classname="tests.integration.test_routes_cart.TestCartRoutes" name="test_add_to_cart_valid_book" time="0.002" /><testcase classname="tests.integration.test_routes_cart.TestCartRoutes" name="test_add_to_cart_default_quantity" time="0.001" /><testcase classname="tests.integration.test_routes_cart.TestCartRoutes" name="test_add_to_cart_non_numeric_quantity" time="0.001"><failure message="Failed: DID NOT RAISE &lt;class 'ValueError'&gt;">tests/integration/test_routes_cart.py:41: in test_add_to_cart_non_numeric_quantity
    client.post('/add-to-cart', data={
E   Failed: DID NOT RAISE &lt;class 'ValueError'&gt;</failure></testcase><testcase classname="tests.integration.test_routes_cart.TestCartRoutes" name="test_add_to_cart_empty_quantity" time="0.001"><failure message="Failed: DID NOT RAISE &lt;class 'ValueError'&gt;">tests/integration/test_routes_cart.py:51: in test_add_to_cart_empty_quantity
    client.post('/add-to-cart', data={
E   Failed: DID NOT RAISE &lt;class 'ValueError'&gt;</failure></testcase><testcase classname="tests.integration.test_routes_cart.TestCartRoutes" name="test_add_to_cart_nonexistent_book" time="0.002" /><testcase classname="tests.integration.test_routes_cart.TestCartRoutes" name="test_add_same_book_multiple_times" time="0.001" /><testcase classname="tests.integration.test_routes_cart.TestCartRoutes" name="test_update_cart_valid_quantity" time="0.002" /><testcase classname="tests.integration.test_routes_cart.TestCartRoutes" name="test_update_cart_to_zero" time="0.002" /><testcase classname="tests.integration.test_routes_cart.TestCartRoutes" name="test_update_cart_to_negative" time="0.002" /><testcase classname="tests.integration.test_routes_cart.TestCartRoutes" name="test_update_cart_non_numeric_quantity" time="0.001"><failure message="Failed: DID NOT RAISE &lt;class 'ValueError'&gt;">tests/integration/test_routes_cart.py:144: in test_update_cart_non_numeric_quantity
    client.post('/update-cart', data={
E   Failed: DID NOT RAISE &lt;class 'ValueError'&gt;</failure></testcase><testcase classname="tests.integration.test_routes_cart.TestCartRoutes" name="test_remove_from_cart" time="0.002" /><testcase classname="tests.integration.test_routes_cart.TestCartRoutes" name="test_remove_nonexistent_book_from_cart" time="0.001" /><testcase classname="tests.integration.test_routes_cart.TestCartRoutes" name="test_clear_cart" time="0.002" /><testcase classname="tests.integration.test_routes_cart.TestCartRoutes" name="test_cart_operations_sequence" time="0.003" /><testcase classname="tests.integration.test_routes_catalog.TestCatalogRoutes" name="test_index_page_loads" time="0.001" /><testcase classname="tests.integration.test_routes_catalog.TestCatalogRoutes" name="test_index_displays_books" time="0.001" /><testcase classname="tests.integration.test_routes_catalog.TestCatalogRoutes" name="test_index_shows_book_prices" time="0.001" /><testcase classname="tests.integration.test_routes_catalog.TestCatalogRoutes" name="test_index_shows_book_categories" time="0.001" /><testcase classname="tests.integration.test_routes_catalog.TestCatalogRoutes" name="test_index_when_logged_out" time="0.001" /><testcase classname="tests.integration.test_routes_catalog.TestCatalogRoutes" name="test_index_when_logged_in" time="0.002" /><testcase classname="tests.integration.test_routes_catalog.TestCatalogRoutes" name="test_index_shows_cart_info" time="0.001" /><testcase classname="tests.integration.test_routes_catalog.TestCatalogRoutes" name="test_index_with_items_in_cart" time="0.002" /><testcase classname="tests.integration.test_routes_checkout.TestCheckoutRoutes" name="test_checkout_page_with_items" time="0.008" /><testcase classname="tests.integration.test_routes_checkout.TestCheckoutRoutes" name="test_checkout_page_empty_cart_redirects" time="0.002" /><testcase classname="tests.integration.test_routes_checkout.TestCheckoutRoutes" name="test_process_checkout_valid_data" time="0.011" /><testcase classname="tests.integration.test_routes_checkout.TestCheckoutRoutes" name="test_process_checkout_creates_order" time="0.003" /><testcase classname="tests.integration.test_routes_checkout.TestCheckoutRoutes" name="test_process_checkout_clears_cart" time="0.002" /><testcase classname="tests.integration.test_routes_checkout.TestCheckoutRoutes" name="test_checkout_with_save10_discount" time="0.003"><failure message="assert (b'saved' in b'&lt;!doctype html&gt;\n&lt;html lang=&quot;en&quot;&gt;\n&lt;head&gt;\n    &lt;meta charset=&quot;utf-8&quot;&gt;\n    &lt;meta name=&quot;viewport&quot; content=&quot;width=device-width, initial-scale=1.0&quot;&gt;\n    &lt;title&gt;order confirmation - online bookstore&lt;/title&gt;\n    &lt;link href=&quot;https://fonts.googleapis.com/css2?family=roboto:wght@400;500;700&amp;family=open+sans:wght@300;400;600&amp;display=swap&quot; rel=&quot;stylesheet&quot;&gt;\n    &lt;link rel=&quot;stylesheet&quot; href=&quot;/static/styles.css&quot;&gt;\n&lt;/head&gt;\n&lt;body&gt;\n\n    &lt;header&gt;\n        &lt;div class=&quot;container&quot;&gt;\n            &lt;img src=&quot;/static/logo.png&quot; alt=&quot;online bookstore logo&quot; class=&quot;logo&quot;&gt;\n            &lt;h1&gt;online bookstore&lt;/h1&gt;\n            &lt;nav&gt;\n                &lt;a href=&quot;/&quot;&gt;home&lt;/a&gt;\n                &lt;a href=&quot;/cart&quot;&gt;cart&lt;/a&gt;\n                \n                    &lt;a href=&quot;/login&quot;&gt;login&lt;/a&gt;\n                    &lt;a href=&quot;/register&quot;&gt;register&lt;/a&gt;\n                \n            &lt;/nav&gt;\n        &lt;/div&gt;\n    &lt;/header&gt;\n\n    &lt;section class=&quot;order-confirmation-section&quot;&gt;\n        &lt;div class=&quot;container&quot;&gt;\n            &lt;div class=&quot;confirmation-header&quot;&gt;\n                &lt;div class=&quot;success-icon&quot;&gt;\xe2\x9c\x93&lt;/div&gt;\n                &lt;h2&gt;order confirmed!&lt;/h2&gt;\n                &lt;p&gt;thank you for your purchase. your order has been successfully processed.&lt;/p&gt;\n            &lt;/div&gt;\n            \n            &lt;div class=&quot;order-details&quot;&gt;\n                &lt;div class=&quot;order-info&quot;&gt;\n                    &lt;h3&gt;order information&lt;/h3&gt;\n                    &lt;div class=&quot;info-grid&quot;&gt;\n                        &lt;div class=&quot;info-item&quot;&gt;\n                            &lt;label&gt;order number:&lt;/label&gt;\n                            &lt;span class=&quot;order-number&quot;&gt;#d85b01e3&lt;/span&gt;\n                        &lt;/div&gt;\n                        &lt;div class=&quot;info-item&quot;&gt;\n                            &lt;label&gt;order date:&lt;/label&gt;\n                            &lt;span&gt;december 04, 2025 at 06:27 pm&lt;/span&gt;\n                        &lt;/div&gt;\n                        &lt;div class=&quot;info-item&quot;&gt;\n                            &lt;label&gt;email:&lt;/label&gt;\n                            &lt;span&gt;john@example.com&lt;/span&gt;\n                        &lt;/div&gt;\n                        &lt;div class=&quot;info-item&quot;&gt;\n                            &lt;label&gt;status:&lt;/label&gt;\n                            &lt;span class=&quot;status-confirmed&quot;&gt;confirmed&lt;/span&gt;\n                        &lt;/div&gt;\n                    &lt;/div&gt;\n                &lt;/div&gt;\n\n                &lt;div class=&quot;order-items&quot;&gt;\n                    &lt;h3&gt;items ordered&lt;/h3&gt;\n                    &lt;div class=&quot;items-list&quot;&gt;\n                        \n                        &lt;div class=&quot;order-item&quot;&gt;\n                            &lt;div class=&quot;item-info&quot;&gt;\n                                &lt;img src=&quot;/static//images/books/the_great_gatsby.jpg&quot; alt=&quot;the great gatsby&quot; class=&quot;item-thumbnail&quot;&gt;\n                                &lt;div class=&quot;item-details&quot;&gt;\n                                    &lt;h4&gt;the great gatsby&lt;/h4&gt;\n                                    &lt;p&gt;fiction&lt;/p&gt;\n                                    &lt;p&gt;quantity: 1&lt;/p&gt;\n                                &lt;/div&gt;\n                            &lt;/div&gt;\n                            &lt;div class=&quot;item-price&quot;&gt;\n                                &lt;p&gt;$10.99 each&lt;/p&gt;\n                                &lt;p&gt;&lt;strong&gt;$10.99&lt;/strong&gt;&lt;/p&gt;\n                            &lt;/div&gt;\n                        &lt;/div&gt;\n                        \n                    &lt;/div&gt;\n                &lt;/div&gt;\n\n                &lt;div class=&quot;shipping-payment-info&quot;&gt;\n                    &lt;div class=&quot;shipping-details&quot;&gt;\n                        &lt;h3&gt;shipping address&lt;/h3&gt;\n                        &lt;div class=&quot;address&quot;&gt;\n                            &lt;p&gt;&lt;strong&gt;john doe&lt;/strong&gt;&lt;/p&gt;\n                            &lt;p&gt;456 main st&lt;/p&gt;\n                            &lt;p&gt;springfield, 54321&lt;/p&gt;\n                        &lt;/div&gt;\n                    &lt;/div&gt;\n\n                    &lt;div class=&quot;payment-details&quot;&gt;\n                        &lt;h3&gt;payment information&lt;/h3&gt;\n                        &lt;p&gt;payment method: credit card&lt;/p&gt;\n                        \n                        &lt;p&gt;transaction id: txn441072&lt;/p&gt;\n                        \n                    &lt;/div&gt;\n                &lt;/div&gt;\n\n                &lt;div class=&quot;order-total&quot;&gt;\n                    &lt;div class=&quot;total-breakdown&quot;&gt;\n                        &lt;div class=&quot;total-line&quot;&gt;\n                            &lt;span&gt;total amount:&lt;/span&gt;\n                            &lt;span class=&quot;total-amount&quot;&gt;$9.89&lt;/span&gt;\n                        &lt;/div&gt;\n                    &lt;/div&gt;\n                &lt;/div&gt;\n\n                &lt;div class=&quot;confirmation-message&quot;&gt;\n                    &lt;div class=&quot;message-box&quot;&gt;\n                        &lt;h4&gt;\xf0\x9f\x93\xa7 confirmation email sent&lt;/h4&gt;\n                        &lt;p&gt;a confirmation email with your order details has been sent to &lt;strong&gt;john@example.com&lt;/strong&gt;.&lt;/p&gt;\n                        &lt;p&gt;please check your inbox (and spam folder) for the confirmation email.&lt;/p&gt;\n                    &lt;/div&gt;\n                &lt;/div&gt;\n\n                &lt;div class=&quot;next-steps&quot;&gt;\n                    &lt;h3&gt;what\'s next?&lt;/h3&gt;\n                    &lt;ul&gt;\n                        &lt;li&gt;you will receive an email confirmation shortly&lt;/li&gt;\n                        &lt;li&gt;your order will be processed within 1-2 business days&lt;/li&gt;\n                        &lt;li&gt;you will receive a shipping notification with tracking information&lt;/li&gt;\n                        &lt;li&gt;estimated delivery: 3-5 business days&lt;/li&gt;\n                    &lt;/ul&gt;\n                &lt;/div&gt;\n\n                &lt;div class=&quot;action-buttons&quot;&gt;\n                    &lt;a href=&quot;/&quot; class=&quot;btn btn-primary&quot;&gt;continue shopping&lt;/a&gt;\n                    \n                &lt;/div&gt;\n            &lt;/div&gt;\n        &lt;/div&gt;\n    &lt;/section&gt;\n\n&lt;/body&gt;\n&lt;/html&gt;' or b'discount' in b'&lt;!doctype html&gt;\n&lt;html lang=&quot;en&quot;&gt;\n&lt;head&gt;\n    &lt;meta charset=&quot;utf-8&quot;&gt;\n    &lt;meta name=&quot;viewport&quot; content=&quot;width=device-width, initial-scale=1.0&quot;&gt;\n    &lt;title&gt;order confirmation - online bookstore&lt;/title&gt;\n    &lt;link href=&quot;https://fonts.googleapis.com/css2?family=roboto:wght@400;500;700&amp;family=open+sans:wght@300;400;600&amp;display=swap&quot; rel=&quot;stylesheet&quot;&gt;\n    &lt;link rel=&quot;stylesheet&quot; href=&quot;/static/styles.css&quot;&gt;\n&lt;/head&gt;\n&lt;body&gt;\n\n    &lt;header&gt;\n        &lt;div class=&quot;container&quot;&gt;\n            &lt;img src=&quot;/static/logo.png&quot; alt=&quot;online bookstore logo&quot; class=&quot;logo&quot;&gt;\n            &lt;h1&gt;online bookstore&lt;/h1&gt;\n            &lt;nav&gt;\n                &lt;a href=&quot;/&quot;&gt;home&lt;/a&gt;\n                &lt;a href=&quot;/cart&quot;&gt;cart&lt;/a&gt;\n                \n                    &lt;a href=&quot;/login&quot;&gt;login&lt;/a&gt;\n                    &lt;a href=&quot;/register&quot;&gt;register&lt;/a&gt;\n                \n            &lt;/nav&gt;\n        &lt;/div&gt;\n    &lt;/header&gt;\n\n    &lt;section class=&quot;order-confirmation-section&quot;&gt;\n        &lt;div class=&quot;container&quot;&gt;\n            &lt;div class=&quot;confirmation-header&quot;&gt;\n                &lt;div class=&quot;success-icon&quot;&gt;\xe2\x9c\x93&lt;/div&gt;\n                &lt;h2&gt;order confirmed!&lt;/h2&gt;\n                &lt;p&gt;thank you for your purchase. your order has been successfully processed.&lt;/p&gt;\n            &lt;/div&gt;\n            \n            &lt;div class=&quot;order-details&quot;&gt;\n                &lt;div class=&quot;order-info&quot;&gt;\n                    &lt;h3&gt;order information&lt;/h3&gt;\n                    &lt;div class=&quot;info-grid&quot;&gt;\n                        &lt;div class=&quot;info-item&quot;&gt;\n                            &lt;label&gt;order number:&lt;/label&gt;\n                            &lt;span class=&quot;order-number&quot;&gt;#d85b01e3&lt;/span&gt;\n                        &lt;/div&gt;\n                        &lt;div class=&quot;info-item&quot;&gt;\n                            &lt;label&gt;order date:&lt;/label&gt;\n                            &lt;span&gt;december 04, 2025 at 06:27 pm&lt;/span&gt;\n                        &lt;/div&gt;\n                        &lt;div class=&quot;info-item&quot;&gt;\n                            &lt;label&gt;email:&lt;/label&gt;\n                            &lt;span&gt;john@example.com&lt;/span&gt;\n                        &lt;/div&gt;\n                        &lt;div class=&quot;info-item&quot;&gt;\n                            &lt;label&gt;status:&lt;/label&gt;\n                            &lt;span class=&quot;status-confirmed&quot;&gt;confirmed&lt;/span&gt;\n                        &lt;/div&gt;\n                    &lt;/div&gt;\n                &lt;/div&gt;\n\n                &lt;div class=&quot;order-items&quot;&gt;\n                    &lt;h3&gt;items ordered&lt;/h3&gt;\n                    &lt;div class=&quot;items-list&quot;&gt;\n                        \n                        &lt;div class=&quot;order-item&quot;&gt;\n                            &lt;div class=&quot;item-info&quot;&gt;\n                                &lt;img src=&quot;/static//images/books/the_great_gatsby.jpg&quot; alt=&quot;the great gatsby&quot; class=&quot;item-thumbnail&quot;&gt;\n                                &lt;div class=&quot;item-details&quot;&gt;\n                                    &lt;h4&gt;the great gatsby&lt;/h4&gt;\n                                    &lt;p&gt;fiction&lt;/p&gt;\n                                    &lt;p&gt;quantity: 1&lt;/p&gt;\n                                &lt;/div&gt;\n                            &lt;/div&gt;\n                            &lt;div class=&quot;item-price&quot;&gt;\n                                &lt;p&gt;$10.99 each&lt;/p&gt;\n                                &lt;p&gt;&lt;strong&gt;$10.99&lt;/strong&gt;&lt;/p&gt;\n                            &lt;/div&gt;\n                        &lt;/div&gt;\n                        \n                    &lt;/div&gt;\n                &lt;/div&gt;\n\n                &lt;div class=&quot;shipping-payment-info&quot;&gt;\n                    &lt;div class=&quot;shipping-details&quot;&gt;\n                        &lt;h3&gt;shipping address&lt;/h3&gt;\n                        &lt;div class=&quot;address&quot;&gt;\n                            &lt;p&gt;&lt;strong&gt;john doe&lt;/strong&gt;&lt;/p&gt;\n                            &lt;p&gt;456 main st&lt;/p&gt;\n                            &lt;p&gt;springfield, 54321&lt;/p&gt;\n                        &lt;/div&gt;\n                    &lt;/div&gt;\n\n                    &lt;div class=&quot;payment-details&quot;&gt;\n                        &lt;h3&gt;payment information&lt;/h3&gt;\n                        &lt;p&gt;payment method: credit card&lt;/p&gt;\n                        \n                        &lt;p&gt;transaction id: txn441072&lt;/p&gt;\n                        \n                    &lt;/div&gt;\n                &lt;/div&gt;\n\n                &lt;div class=&quot;order-total&quot;&gt;\n                    &lt;div class=&quot;total-breakdown&quot;&gt;\n                        &lt;div class=&quot;total-line&quot;&gt;\n                            &lt;span&gt;total amount:&lt;/span&gt;\n                            &lt;span class=&quot;total-amount&quot;&gt;$9.89&lt;/span&gt;\n                        &lt;/div&gt;\n                    &lt;/div&gt;\n                &lt;/div&gt;\n\n                &lt;div class=&quot;confirmation-message&quot;&gt;\n                    &lt;div class=&quot;message-box&quot;&gt;\n                        &lt;h4&gt;\xf0\x9f\x93\xa7 confirmation email sent&lt;/h4&gt;\n                        &lt;p&gt;a confirmation email with your order details has been sent to &lt;strong&gt;john@example.com&lt;/strong&gt;.&lt;/p&gt;\n                        &lt;p&gt;please check your inbox (and spam folder) for the confirmation email.&lt;/p&gt;\n                    &lt;/div&gt;\n                &lt;/div&gt;\n\n                &lt;div class=&quot;next-steps&quot;&gt;\n                    &lt;h3&gt;what\'s next?&lt;/h3&gt;\n                    &lt;ul&gt;\n                        &lt;li&gt;you will receive an email confirmation shortly&lt;/li&gt;\n                        &lt;li&gt;your order will be processed within 1-2 business days&lt;/li&gt;\n                        &lt;li&gt;you will receive a shipping notification with tracking information&lt;/li&gt;\n                        &lt;li&gt;estimated delivery: 3-5 business days&lt;/li&gt;\n                    &lt;/ul&gt;\n                &lt;/div&gt;\n\n                &lt;div class=&quot;action-buttons&quot;&gt;\n                    &lt;a href=&quot;/&quot; class=&quot;btn btn-primary&quot;&gt;continue shopping&lt;/a&gt;\n                    \n                &lt;/div&gt;\n            &lt;/div&gt;\n        &lt;/div&gt;\n    &lt;/section&gt;\n\n&lt;/body&gt;\n&lt;/html&gt;')&#10; +  where b'&lt;!doctype html&gt;\n&lt;html lang=&quot;en&quot;&gt;\n&lt;head&gt;\n    &lt;meta charset=&quot;utf-8&quot;&gt;\n    &lt;meta name=&quot;viewport&quot; content=&quot;width=device-width, initial-scale=1.0&quot;&gt;\n    &lt;title&gt;order confirmation - online bookstore&lt;/title&gt;\n    &lt;link href=&quot;https://fonts.googleapis.com/css2?family=roboto:wght@400;500;700&amp;family=open+sans:wght@300;400;600&amp;display=swap&quot; rel=&quot;stylesheet&quot;&gt;\n    &lt;link rel=&quot;stylesheet&quot; href=&quot;/static/styles.css&quot;&gt;\n&lt;/head&gt;\n&lt;body&gt;\n\n    &lt;header&gt;\n        &lt;div class=&quot;container&quot;&gt;\n            &lt;img src=&quot;/static/logo.png&quot; alt=&quot;online bookstore logo&quot; class=&quot;logo&quot;&gt;\n            &lt;h1&gt;online bookstore&lt;/h1&gt;\n            &lt;nav&gt;\n                &lt;a href=&quot;/&quot;&gt;home&lt;/a&gt;\n                &lt;a href=&quot;/cart&quot;&gt;cart&lt;/a&gt;\n                \n                    &lt;a href=&quot;/login&quot;&gt;login&lt;/a&gt;\n                    &lt;a href=&quot;/register&quot;&gt;register&lt;/a&gt;\n                \n            &lt;/nav&gt;\n        &lt;/div&gt;\n    &lt;/header&gt;\n\n    &lt;section class=&quot;order-confirmation-section&quot;&gt;\n        &lt;div class=&quot;container&quot;&gt;\n            &lt;div class=&quot;confirmation-header&quot;&gt;\n                &lt;div class=&quot;success-icon&quot;&gt;\xe2\x9c\x93&lt;/div&gt;\n                &lt;h2&gt;order confirmed!&lt;/h2&gt;\n                &lt;p&gt;thank you for your purchase. your order has been successfully processed.&lt;/p&gt;\n            &lt;/div&gt;\n            \n            &lt;div class=&quot;order-details&quot;&gt;\n                &lt;div class=&quot;order-info&quot;&gt;\n                    &lt;h3&gt;order information&lt;/h3&gt;\n                    &lt;div class=&quot;info-grid&quot;&gt;\n                        &lt;div class=&quot;info-item&quot;&gt;\n                            &lt;label&gt;order number:&lt;/label&gt;\n                            &lt;span class=&quot;order-number&quot;&gt;#d85b01e3&lt;/span&gt;\n                        &lt;/div&gt;\n                        &lt;div class=&quot;info-item&quot;&gt;\n                            &lt;label&gt;order date:&lt;/label&gt;\n                            &lt;span&gt;december 04, 2025 at 06:27 pm&lt;/span&gt;\n                        &lt;/div&gt;\n                        &lt;div class=&quot;info-item&quot;&gt;\n                            &lt;label&gt;email:&lt;/label&gt;\n                            &lt;span&gt;john@example.com&lt;/span&gt;\n                        &lt;/div&gt;\n                        &lt;div class=&quot;info-item&quot;&gt;\n                            &lt;label&gt;status:&lt;/label&gt;\n                            &lt;span class=&quot;status-confirmed&quot;&gt;confirmed&lt;/span&gt;\n                        &lt;/div&gt;\n                    &lt;/div&gt;\n                &lt;/div&gt;\n\n                &lt;div class=&quot;order-items&quot;&gt;\n                    &lt;h3&gt;items ordered&lt;/h3&gt;\n                    &lt;div class=&quot;items-list&quot;&gt;\n                        \n                        &lt;div class=&quot;order-item&quot;&gt;\n                            &lt;div class=&quot;item-info&quot;&gt;\n                                &lt;img src=&quot;/static//images/books/the_great_gatsby.jpg&quot; alt=&quot;the great gatsby&quot; class=&quot;item-thumbnail&quot;&gt;\n                                &lt;div class=&quot;item-details&quot;&gt;\n                                    &lt;h4&gt;the great gatsby&lt;/h4&gt;\n                                    &lt;p&gt;fiction&lt;/p&gt;\n                                    &lt;p&gt;quantity: 1&lt;/p&gt;\n                                &lt;/div&gt;\n                            &lt;/div&gt;\n                            &lt;div class=&quot;item-price&quot;&gt;\n                                &lt;p&gt;$10.99 each&lt;/p&gt;\n                                &lt;p&gt;&lt;strong&gt;$10.99&lt;/strong&gt;&lt;/p&gt;\n                            &lt;/div&gt;\n                        &lt;/div&gt;\n                        \n                    &lt;/div&gt;\n                &lt;/div&gt;\n\n                &lt;div class=&quot;shipping-payment-info&quot;&gt;\n                    &lt;div class=&quot;shipping-details&quot;&gt;\n                        &lt;h3&gt;shipping address&lt;/h3&gt;\n                        &lt;div class=&quot;address&quot;&gt;\n                            &lt;p&gt;&lt;strong&gt;john doe&lt;/strong&gt;&lt;/p&gt;\n                            &lt;p&gt;456 main st&lt;/p&gt;\n                            &lt;p&gt;springfield, 54321&lt;/p&gt;\n                        &lt;/div&gt;\n                    &lt;/div&gt;\n\n                    &lt;div class=&quot;payment-details&quot;&gt;\n                        &lt;h3&gt;payment information&lt;/h3&gt;\n                        &lt;p&gt;payment method: credit card&lt;/p&gt;\n                        \n                        &lt;p&gt;transaction id: txn441072&lt;/p&gt;\n                        \n                    &lt;/div&gt;\n                &lt;/div&gt;\n\n                &lt;div class=&quot;order-total&quot;&gt;\n                    &lt;div class=&quot;total-breakdown&quot;&gt;\n                        &lt;div class=&quot;total-line&quot;&gt;\n                            &lt;span&gt;total amount:&lt;/span&gt;\n                            &lt;span class=&quot;total-amount&quot;&gt;$9.89&lt;/span&gt;\n                        &lt;/div&gt;\n                    &lt;/div&gt;\n                &lt;/div&gt;\n\n                &lt;div class=&quot;confirmation-message&quot;&gt;\n                    &lt;div class=&quot;message-box&quot;&gt;\n                        &lt;h4&gt;\xf0\x9f\x93\xa7 confirmation email sent&lt;/h4&gt;\n                        &lt;p&gt;a confirmation email with your order details has been sent to &lt;strong&gt;john@example.com&lt;/strong&gt;.&lt;/p&gt;\n                        &lt;p&gt;please check your inbox (and spam folder) for the confirmation email.&lt;/p&gt;\n                    &lt;/div&gt;\n                &lt;/div&gt;\n\n                &lt;div class=&quot;next-steps&quot;&gt;\n                    &lt;h3&gt;what\'s next?&lt;/h3&gt;\n                    &lt;ul&gt;\n                        &lt;li&gt;you will receive an email confirmation shortly&lt;/li&gt;\n                        &lt;li&gt;your order will be processed within 1-2 business days&lt;/li&gt;\n                        &lt;li&gt;you will receive a shipping notification with tracking information&lt;/li&gt;\n                        &lt;li&gt;estimated delivery: 3-5 business days&lt;/li&gt;\n                    &lt;/ul&gt;\n                &lt;/div&gt;\n\n                &lt;div class=&quot;action-buttons&quot;&gt;\n                    &lt;a href=&quot;/&quot; class=&quot;btn btn-primary&quot;&gt;continue shopping&lt;/a&gt;\n                    \n                &lt;/div&gt;\n            &lt;/div&gt;\n        &lt;/div&gt;\n    &lt;/section&gt;\n\n&lt;/body&gt;\n&lt;/html&gt;' = &lt;built-in method lower of bytes object at 0xc44e3c000&gt;()&#10; +    where &lt;built-in method lower of bytes object at 0xc44e3c000&gt; = b'&lt;!DOCTYPE html&gt;\n&lt;html lang=&quot;en&quot;&gt;\n&lt;head&gt;\n    &lt;meta charset=&quot;UTF-8&quot;&gt;\n    &lt;meta name=&quot;viewport&quot; content=&quot;width=device-width, initial-scale=1.0&quot;&gt;\n    &lt;title&gt;Order Confirmation - Online Bookstore&lt;/title&gt;\n    &lt;link href=&quot;https://fonts.googleapis.com/css2?family=Roboto:wght@400;500;700&amp;family=Open+Sans:wght@300;400;600&amp;display=swap&quot; rel=&quot;stylesheet&quot;&gt;\n    &lt;link rel=&quot;stylesheet&quot; href=&quot;/static/styles.css&quot;&gt;\n&lt;/head&gt;\n&lt;body&gt;\n\n    &lt;header&gt;\n        &lt;div class=&quot;container&quot;&gt;\n            &lt;img src=&quot;/static/logo.png&quot; alt=&quot;Online Bookstore Logo&quot; class=&quot;logo&quot;&gt;\n            &lt;h1&gt;Online Bookstore&lt;/h1&gt;\n            &lt;nav&gt;\n                &lt;a href=&quot;/&quot;&gt;Home&lt;/a&gt;\n                &lt;a href=&quot;/cart&quot;&gt;Cart&lt;/a&gt;\n                \n                    &lt;a href=&quot;/login&quot;&gt;Login&lt;/a&gt;\n                    &lt;a href=&quot;/register&quot;&gt;Register&lt;/a&gt;\n                \n            &lt;/nav&gt;\n        &lt;/div&gt;\n    &lt;/header&gt;\n\n    &lt;section class=&quot;order-confirmation-section&quot;&gt;\n        &lt;div class=&quot;container&quot;&gt;\n            &lt;div class=&quot;confirmation-header&quot;&gt;\n                &lt;div class=&quot;success-icon&quot;&gt;\xe2\x9c\x93&lt;/div&gt;\n                &lt;h2&gt;Order Confirmed!&lt;/h2&gt;\n                &lt;p&gt;Thank you for your purchase. Your order has been successfully processed.&lt;/p&gt;\n            &lt;/div&gt;\n            \n            &lt;div class=&quot;order-details&quot;&gt;\n                &lt;div class=&quot;order-info&quot;&gt;\n                    &lt;h3&gt;Order Information&lt;/h3&gt;\n                    &lt;div class=&quot;info-grid&quot;&gt;\n                        &lt;div class=&quot;info-item&quot;&gt;\n                            &lt;label&gt;Order Number:&lt;/label&gt;\n                            &lt;span class=&quot;order-number&quot;&gt;#D85B01E3&lt;/span&gt;\n                        &lt;/div&gt;\n                        &lt;div class=&quot;info-item&quot;&gt;\n                            &lt;label&gt;Order Date:&lt;/label&gt;\n                            &lt;span&gt;December 04, 2025 at 06:27 PM&lt;/span&gt;\n                        &lt;/div&gt;\n                        &lt;div class=&quot;info-item&quot;&gt;\n                            &lt;label&gt;Email:&lt;/label&gt;\n                            &lt;span&gt;john@example.com&lt;/span&gt;\n                        &lt;/div&gt;\n                        &lt;div class=&quot;info-item&quot;&gt;\n                            &lt;label&gt;Status:&lt;/label&gt;\n                            &lt;span class=&quot;status-confirmed&quot;&gt;Confirmed&lt;/span&gt;\n                        &lt;/div&gt;\n                    &lt;/div&gt;\n                &lt;/div&gt;\n\n                &lt;div class=&quot;order-items&quot;&gt;\n                    &lt;h3&gt;Items Ordered&lt;/h3&gt;\n                    &lt;div class=&quot;items-list&quot;&gt;\n                        \n                        &lt;div class=&quot;order-item&quot;&gt;\n                            &lt;div class=&quot;item-info&quot;&gt;\n                                &lt;img src=&quot;/static//images/books/the_great_gatsby.jpg&quot; alt=&quot;The Great Gatsby&quot; class=&quot;item-thumbnail&quot;&gt;\n                                &lt;div class=&quot;item-details&quot;&gt;\n                                    &lt;h4&gt;The Great Gatsby&lt;/h4&gt;\n                                    &lt;p&gt;Fiction&lt;/p&gt;\n                                    &lt;p&gt;Quantity: 1&lt;/p&gt;\n                                &lt;/div&gt;\n                            &lt;/div&gt;\n                            &lt;div class=&quot;item-price&quot;&gt;\n                                &lt;p&gt;$10.99 each&lt;/p&gt;\n                                &lt;p&gt;&lt;strong&gt;$10.99&lt;/strong&gt;&lt;/p&gt;\n                            &lt;/div&gt;\n                        &lt;/div&gt;\n                        \n                    &lt;/div&gt;\n                &lt;/div&gt;\n\n                &lt;div class=&quot;shipping-payment-info&quot;&gt;\n                    &lt;div class=&quot;shipping-details&quot;&gt;\n                        &lt;h3&gt;Shipping Address&lt;/h3&gt;\n                        &lt;div class=&quot;address&quot;&gt;\n                            &lt;p&gt;&lt;strong&gt;John Doe&lt;/strong&gt;&lt;/p&gt;\n                            &lt;p&gt;456 Main St&lt;/p&gt;\n                            &lt;p&gt;Springfield, 54321&lt;/p&gt;\n                        &lt;/div&gt;\n                    &lt;/div&gt;\n\n                    &lt;div class=&quot;payment-details&quot;&gt;\n                        &lt;h3&gt;Payment Information&lt;/h3&gt;\n                        &lt;p&gt;Payment Method: Credit Card&lt;/p&gt;\n                        \n                        &lt;p&gt;Transaction ID: TXN441072&lt;/p&gt;\n                        \n                    &lt;/div&gt;\n                &lt;/div&gt;\n\n                &lt;div class=&quot;order-total&quot;&gt;\n                    &lt;div class=&quot;total-breakdown&quot;&gt;\n                        &lt;div class=&quot;total-line&quot;&gt;\n                            &lt;span&gt;Total Amount:&lt;/span&gt;\n                            &lt;span class=&quot;total-amount&quot;&gt;$9.89&lt;/span&gt;\n                        &lt;/div&gt;\n                    &lt;/div&gt;\n                &lt;/div&gt;\n\n                &lt;div class=&quot;confirmation-message&quot;&gt;\n                    &lt;div class=&quot;message-box&quot;&gt;\n                        &lt;h4&gt;\xf0\x9f\x93\xa7 Confirmation Email Sent&lt;/h4&gt;\n                        &lt;p&gt;A confirmation email with your order details has been sent to &lt;strong&gt;john@example.com&lt;/strong&gt;.&lt;/p&gt;\n                        &lt;p&gt;Please check your inbox (and spam folder) for the confirmation email.&lt;/p&gt;\n                    &lt;/div&gt;\n                &lt;/div&gt;\n\n                &lt;div class=&quot;next-steps&quot;&gt;\n                    &lt;h3&gt;What\'s Next?&lt;/h3&gt;\n                    &lt;ul&gt;\n                        &lt;li&gt;You will receive an email confirmation shortly&lt;/li&gt;\n                        &lt;li&gt;Your order will be processed within 1-2 business days&lt;/li&gt;\n                        &lt;li&gt;You will receive a shipping notification with tracking information&lt;/li&gt;\n                        &lt;li&gt;Estimated delivery: 3-5 business days&lt;/li&gt;\n                    &lt;/ul&gt;\n                &lt;/div&gt;\n\n                &lt;div class=&quot;action-buttons&quot;&gt;\n                    &lt;a href=&quot;/&quot; class=&quot;btn btn-primary&quot;&gt;Continue Shopping&lt;/a&gt;\n                    \n                &lt;/div&gt;\n            &lt;/div&gt;\n        &lt;/div&gt;\n    &lt;/section&gt;\n\n&lt;/body&gt;\n&lt;/html&gt;'.lower&#10; +      where b'&lt;!DOCTYPE html&gt;\n&lt;html lang=&quot;en&quot;&gt;\n&lt;head&gt;\n    &lt;meta charset=&quot;UTF-8&quot;&gt;\n    &lt;meta name=&quot;viewport&quot; content=&quot;width=device-width, initial-scale=1.0&quot;&gt;\n    &lt;title&gt;Order Confirmation - Online Bookstore&lt;/title&gt;\n    &lt;link href=&quot;https://fonts.googleapis.com/css2?family=Roboto:wght@400;500;700&amp;family=Open+Sans:wght@300;400;600&amp;display=swap&quot; rel=&quot;stylesheet&quot;&gt;\n    &lt;link rel=&quot;stylesheet&quot; href=&quot;/static/styles.css&quot;&gt;\n&lt;/head&gt;\n&lt;body&gt;\n\n    &lt;header&gt;\n        &lt;div class=&quot;container&quot;&gt;\n            &lt;img src=&quot;/static/logo.png&quot; alt=&quot;Online Bookstore Logo&quot; class=&quot;logo&quot;&gt;\n            &lt;h1&gt;Online Bookstore&lt;/h1&gt;\n            &lt;nav&gt;\n                &lt;a href=&quot;/&quot;&gt;Home&lt;/a&gt;\n                &lt;a href=&quot;/cart&quot;&gt;Cart&lt;/a&gt;\n                \n                    &lt;a href=&quot;/login&quot;&gt;Login&lt;/a&gt;\n                    &lt;a href=&quot;/register&quot;&gt;Register&lt;/a&gt;\n                \n            &lt;/nav&gt;\n        &lt;/div&gt;\n    &lt;/header&gt;\n\n    &lt;section class=&quot;order-confirmation-section&quot;&gt;\n        &lt;div class=&quot;container&quot;&gt;\n            &lt;div class=&quot;confirmation-header&quot;&gt;\n                &lt;div class=&quot;success-icon&quot;&gt;\xe2\x9c\x93&lt;/div&gt;\n                &lt;h2&gt;Order Confirmed!&lt;/h2&gt;\n                &lt;p&gt;Thank you for your purchase. Your order has been successfully processed.&lt;/p&gt;\n            &lt;/div&gt;\n            \n            &lt;div class=&quot;order-details&quot;&gt;\n                &lt;div class=&quot;order-info&quot;&gt;\n                    &lt;h3&gt;Order Information&lt;/h3&gt;\n                    &lt;div class=&quot;info-grid&quot;&gt;\n                        &lt;div class=&quot;info-item&quot;&gt;\n                            &lt;label&gt;Order Number:&lt;/label&gt;\n                            &lt;span class=&quot;order-number&quot;&gt;#D85B01E3&lt;/span&gt;\n                        &lt;/div&gt;\n                        &lt;div class=&quot;info-item&quot;&gt;\n                            &lt;label&gt;Order Date:&lt;/label&gt;\n                            &lt;span&gt;December 04, 2025 at 06:27 PM&lt;/span&gt;\n                        &lt;/div&gt;\n                        &lt;div class=&quot;info-item&quot;&gt;\n                            &lt;label&gt;Email:&lt;/label&gt;\n                            &lt;span&gt;john@example.com&lt;/span&gt;\n                        &lt;/div&gt;\n                        &lt;div class=&quot;info-item&quot;&gt;\n                            &lt;label&gt;Status:&lt;/label&gt;\n                            &lt;span class=&quot;status-confirmed&quot;&gt;Confirmed&lt;/span&gt;\n                        &lt;/div&gt;\n                    &lt;/div&gt;\n                &lt;/div&gt;\n\n                &lt;div class=&quot;order-items&quot;&gt;\n                    &lt;h3&gt;Items Ordered&lt;/h3&gt;\n                    &lt;div class=&quot;items-list&quot;&gt;\n                        \n                        &lt;div class=&quot;order-item&quot;&gt;\n                            &lt;div class=&quot;item-info&quot;&gt;\n                                &lt;img src=&quot;/static//images/books/the_great_gatsby.jpg&quot; alt=&quot;The Great Gatsby&quot; class=&quot;item-thumbnail&quot;&gt;\n                                &lt;div class=&quot;item-details&quot;&gt;\n                                    &lt;h4&gt;The Great Gatsby&lt;/h4&gt;\n                                    &lt;p&gt;Fiction&lt;/p&gt;\n                                    &lt;p&gt;Quantity: 1&lt;/p&gt;\n                                &lt;/div&gt;\n                            &lt;/div&gt;\n                            &lt;div class=&quot;item-price&quot;&gt;\n                                &lt;p&gt;$10.99 each&lt;/p&gt;\n                                &lt;p&gt;&lt;strong&gt;$10.99&lt;/strong&gt;&lt;/p&gt;\n                            &lt;/div&gt;\n                        &lt;/div&gt;\n                        \n                    &lt;/div&gt;\n                &lt;/div&gt;\n\n                &lt;div class=&quot;shipping-payment-info&quot;&gt;\n                    &lt;div class=&quot;shipping-details&quot;&gt;\n                        &lt;h3&gt;Shipping Address&lt;/h3&gt;\n                        &lt;div class=&quot;address&quot;&gt;\n                            &lt;p&gt;&lt;strong&gt;John Doe&lt;/strong&gt;&lt;/p&gt;\n                            &lt;p&gt;456 Main St&lt;/p&gt;\n                            &lt;p&gt;Springfield, 54321&lt;/p&gt;\n                        &lt;/div&gt;\n                    &lt;/div&gt;\n\n                    &lt;div class=&quot;payment-details&quot;&gt;\n                        &lt;h3&gt;Payment Information&lt;/h3&gt;\n                        &lt;p&gt;Payment Method: Credit Card&lt;/p&gt;\n                        \n                        &lt;p&gt;Transaction ID: TXN441072&lt;/p&gt;\n                        \n                    &lt;/div&gt;\n                &lt;/div&gt;\n\n                &lt;div class=&quot;order-total&quot;&gt;\n                    &lt;div class=&quot;total-breakdown&quot;&gt;\n                        &lt;div class=&quot;total-line&quot;&gt;\n                            &lt;span&gt;Total Amount:&lt;/span&gt;\n                            &lt;span class=&quot;total-amount&quot;&gt;$9.89&lt;/span&gt;\n                        &lt;/div&gt;\n                    &lt;/div&gt;\n                &lt;/div&gt;\n\n                &lt;div class=&quot;confirmation-message&quot;&gt;\n                    &lt;div class=&quot;message-box&quot;&gt;\n                        &lt;h4&gt;\xf0\x9f\x93\xa7 Confirmation Email Sent&lt;/h4&gt;\n                        &lt;p&gt;A confirmation email with your order details has been sent to &lt;strong&gt;john@example.com&lt;/strong&gt;.&lt;/p&gt;\n                        &lt;p&gt;Please check your inbox (and spam folder) for the confirmation email.&lt;/p&gt;\n                    &lt;/div&gt;\n                &lt;/div&gt;\n\n                &lt;div class=&quot;next-steps&quot;&gt;\n                    &lt;h3&gt;What\'s Next?&lt;/h3&gt;\n                    &lt;ul&gt;\n                        &lt;li&gt;You will receive an email confirmation shortly&lt;/li&gt;\n                        &lt;li&gt;Your order will be processed within 1-2 business days&lt;/li&gt;\n                        &lt;li&gt;You will receive a shipping notification with tracking information&lt;/li&gt;\n                        &lt;li&gt;Estimated delivery: 3-5 business days&lt;/li&gt;\n                    &lt;/ul&gt;\n                &lt;/div&gt;\n\n                &lt;div class=&quot;action-buttons&quot;&gt;\n                    &lt;a href=&quot;/&quot; class=&quot;btn btn-primary&quot;&gt;Continue Shopping&lt;/a&gt;\n                    \n                &lt;/div&gt;\n            &lt;/div&gt;\n        &lt;/div&gt;\n    &lt;/section&gt;\n\n&lt;/body&gt;\n&lt;/html&gt;' = &lt;WrapperTestResponse 5490 bytes [200 OK]&gt;.data&#10; +  and   b'&lt;!doctype html&gt;\n&lt;html lang=&quot;en&quot;&gt;\n&lt;head&gt;\n    &lt;meta charset=&quot;utf-8&quot;&gt;\n    &lt;meta name=&quot;viewport&quot; content=&quot;width=device-width, initial-scale=1.0&quot;&gt;\n    &lt;title&gt;order confirmation - online bookstore&lt;/title&gt;\n    &lt;link href=&quot;https://fonts.googleapis.com/css2?family=roboto:wght@400;500;700&amp;family=open+sans:wght@300;400;600&amp;display=swap&quot; rel=&quot;stylesheet&quot;&gt;\n    &lt;link rel=&quot;stylesheet&quot; href=&quot;/static/styles.css&quot;&gt;\n&lt;/head&gt;\n&lt;body&gt;\n\n    &lt;header&gt;\n        &lt;div class=&quot;container&quot;&gt;\n            &lt;img src=&quot;/static/logo.png&quot; alt=&quot;online bookstore logo&quot; class=&quot;logo&quot;&gt;\n            &lt;h1&gt;online bookstore&lt;/h1&gt;\n            &lt;nav&gt;\n                &lt;a href=&quot;/&quot;&gt;home&lt;/a&gt;\n                &lt;a href=&quot;/cart&quot;&gt;cart&lt;/a&gt;\n                \n                    &lt;a href=&quot;/login&quot;&gt;login&lt;/a&gt;\n                    &lt;a href=&quot;/register&quot;&gt;register&lt;/a&gt;\n                \n            &lt;/nav&gt;\n        &lt;/div&gt;\n    &lt;/header&gt;\n\n    &lt;section class=&quot;order-confirmation-section&quot;&gt;\n        &lt;div class=&quot;container&quot;&gt;\n            &lt;div class=&quot;confirmation-header&quot;&gt;\n                &lt;div class=&quot;success-icon&quot;&gt;\xe2\x9c\x93&lt;/div&gt;\n                &lt;h2&gt;order confirmed!&lt;/h2&gt;\n                &lt;p&gt;thank you for your purchase. your order has been successfully processed.&lt;/p&gt;\n            &lt;/div&gt;\n            \n            &lt;div class=&quot;order-details&quot;&gt;\n                &lt;div class=&quot;order-info&quot;&gt;\n                    &lt;h3&gt;order information&lt;/h3&gt;\n                    &lt;div class=&quot;info-grid&quot;&gt;\n                        &lt;div class=&quot;info-item&quot;&gt;\n                            &lt;label&gt;order number:&lt;/label&gt;\n                            &lt;span class=&quot;order-number&quot;&gt;#d85b01e3&lt;/span&gt;\n                        &lt;/div&gt;\n                        &lt;div class=&quot;info-item&quot;&gt;\n                            &lt;label&gt;order date:&lt;/label&gt;\n                            &lt;span&gt;december 04, 2025 at 06:27 pm&lt;/span&gt;\n                        &lt;/div&gt;\n                        &lt;div class=&quot;info-item&quot;&gt;\n                            &lt;label&gt;email:&lt;/label&gt;\n                            &lt;span&gt;john@example.com&lt;/span&gt;\n                        &lt;/div&gt;\n                        &lt;div class=&quot;info-item&quot;&gt;\n                            &lt;label&gt;status:&lt;/label&gt;\n                            &lt;span class=&quot;status-confirmed&quot;&gt;confirmed&lt;/span&gt;\n                        &lt;/div&gt;\n                    &lt;/div&gt;\n                &lt;/div&gt;\n\n                &lt;div class=&quot;order-items&quot;&gt;\n                    &lt;h3&gt;items ordered&lt;/h3&gt;\n                    &lt;div class=&quot;items-list&quot;&gt;\n                        \n                        &lt;div class=&quot;order-item&quot;&gt;\n                            &lt;div class=&quot;item-info&quot;&gt;\n                                &lt;img src=&quot;/static//images/books/the_great_gatsby.jpg&quot; alt=&quot;the great gatsby&quot; class=&quot;item-thumbnail&quot;&gt;\n                                &lt;div class=&quot;item-details&quot;&gt;\n                                    &lt;h4&gt;the great gatsby&lt;/h4&gt;\n                                    &lt;p&gt;fiction&lt;/p&gt;\n                                    &lt;p&gt;quantity: 1&lt;/p&gt;\n                                &lt;/div&gt;\n                            &lt;/div&gt;\n                            &lt;div class=&quot;item-price&quot;&gt;\n                                &lt;p&gt;$10.99 each&lt;/p&gt;\n                                &lt;p&gt;&lt;strong&gt;$10.99&lt;/strong&gt;&lt;/p&gt;\n                            &lt;/div&gt;\n                        &lt;/div&gt;\n                        \n                    &lt;/div&gt;\n                &lt;/div&gt;\n\n                &lt;div class=&quot;shipping-payment-info&quot;&gt;\n                    &lt;div class=&quot;shipping-details&quot;&gt;\n                        &lt;h3&gt;shipping address&lt;/h3&gt;\n                        &lt;div class=&quot;address&quot;&gt;\n                            &lt;p&gt;&lt;strong&gt;john doe&lt;/strong&gt;&lt;/p&gt;\n                            &lt;p&gt;456 main st&lt;/p&gt;\n                            &lt;p&gt;springfield, 54321&lt;/p&gt;\n                        &lt;/div&gt;\n                    &lt;/div&gt;\n\n                    &lt;div class=&quot;payment-details&quot;&gt;\n                        &lt;h3&gt;payment information&lt;/h3&gt;\n                        &lt;p&gt;payment method: credit card&lt;/p&gt;\n                        \n                        &lt;p&gt;transaction id: txn441072&lt;/p&gt;\n                        \n                    &lt;/div&gt;\n                &lt;/div&gt;\n\n                &lt;div class=&quot;order-total&quot;&gt;\n                    &lt;div class=&quot;total-breakdown&quot;&gt;\n                        &lt;div class=&quot;total-line&quot;&gt;\n                            &lt;span&gt;total amount:&lt;/span&gt;\n                            &lt;span class=&quot;total-amount&quot;&gt;$9.89&lt;/span&gt;\n                        &lt;/div&gt;\n                    &lt;/div&gt;\n                &lt;/div&gt;\n\n                &lt;div class=&quot;confirmation-message&quot;&gt;\n                    &lt;div class=&quot;message-box&quot;&gt;\n                        &lt;h4&gt;\xf0\x9f\x93\xa7 confirmation email sent&lt;/h4&gt;\n                        &lt;p&gt;a confirmation email with your order details has been sent to &lt;strong&gt;john@example.com&lt;/strong&gt;.&lt;/p&gt;\n                        &lt;p&gt;please check your inbox (and spam folder) for the confirmation email.&lt;/p&gt;\n                    &lt;/div&gt;\n                &lt;/div&gt;\n\n                &lt;div class=&quot;next-steps&quot;&gt;\n                    &lt;h3&gt;what\'s next?&lt;/h3&gt;\n                    &lt;ul&gt;\n                        &lt;li&gt;you will receive an email confirmation shortly&lt;/li&gt;\n                        &lt;li&gt;your order will be processed within 1-2 business days&lt;/li&gt;\n                        &lt;li&gt;you will receive a shipping notification with tracking information&lt;/li&gt;\n                        &lt;li&gt;estimated delivery: 3-5 business days&lt;/li&gt;\n                    &lt;/ul&gt;\n                &lt;/div&gt;\n\n                &lt;div class=&quot;action-buttons&quot;&gt;\n                    &lt;a href=&quot;/&quot; class=&quot;btn btn-primary&quot;&gt;continue shopping&lt;/a&gt;\n                    \n                &lt;/div&gt;\n            &lt;/div&gt;\n        &lt;/div&gt;\n    &lt;/section&gt;\n\n&lt;/body&gt;\n&lt;/html&gt;' = &lt;built-in method lower of bytes object at 0xc44e3c000&gt;()&#10; +    where &lt;built-in method lower of bytes object at 0xc44e3c000&gt; = b'&lt;!DOCTYPE html&gt;\n&lt;html lang=&quot;en&quot;&gt;\n&lt;head&gt;\n    &lt;meta charset=&quot;UTF-8&quot;&gt;\n    &lt;meta name=&quot;viewport&quot; content=&quot;width=device-width, initial-scale=1.0&quot;&gt;\n    &lt;title&gt;Order Confirmation - Online Bookstore&lt;/title&gt;\n    &lt;link href=&quot;https://fonts.googleapis.com/css2?family=Roboto:wght@400;500;700&amp;family=Open+Sans:wght@300;400;600&amp;display=swap&quot; rel=&quot;stylesheet&quot;&gt;\n    &lt;link rel=&quot;stylesheet&quot; href=&quot;/static/styles.css&quot;&gt;\n&lt;/head&gt;\n&lt;body&gt;\n\n    &lt;header&gt;\n        &lt;div class=&quot;container&quot;&gt;\n            &lt;img src=&quot;/static/logo.png&quot; alt=&quot;Online Bookstore Logo&quot; class=&quot;logo&quot;&gt;\n            &lt;h1&gt;Online Bookstore&lt;/h1&gt;\n            &lt;nav&gt;\n                &lt;a href=&quot;/&quot;&gt;Home&lt;/a&gt;\n                &lt;a href=&quot;/cart&quot;&gt;Cart&lt;/a&gt;\n                \n                    &lt;a href=&quot;/login&quot;&gt;Login&lt;/a&gt;\n                    &lt;a href=&quot;/register&quot;&gt;Register&lt;/a&gt;\n                \n            &lt;/nav&gt;\n        &lt;/div&gt;\n    &lt;/header&gt;\n\n    &lt;section class=&quot;order-confirmation-section&quot;&gt;\n        &lt;div class=&quot;container&quot;&gt;\n            &lt;div class=&quot;confirmation-header&quot;&gt;\n                &lt;div class=&quot;success-icon&quot;&gt;\xe2\x9c\x93&lt;/div&gt;\n                &lt;h2&gt;Order Confirmed!&lt;/h2&gt;\n                &lt;p&gt;Thank you for your purchase. Your order has been successfully processed.&lt;/p&gt;\n            &lt;/div&gt;\n            \n            &lt;div class=&quot;order-details&quot;&gt;\n                &lt;div class=&quot;order-info&quot;&gt;\n                    &lt;h3&gt;Order Information&lt;/h3&gt;\n                    &lt;div class=&quot;info-grid&quot;&gt;\n                        &lt;div class=&quot;info-item&quot;&gt;\n                            &lt;label&gt;Order Number:&lt;/label&gt;\n                            &lt;span class=&quot;order-number&quot;&gt;#D85B01E3&lt;/span&gt;\n                        &lt;/div&gt;\n                        &lt;div class=&quot;info-item&quot;&gt;\n                            &lt;label&gt;Order Date:&lt;/label&gt;\n                            &lt;span&gt;December 04, 2025 at 06:27 PM&lt;/span&gt;\n                        &lt;/div&gt;\n                        &lt;div class=&quot;info-item&quot;&gt;\n                            &lt;label&gt;Email:&lt;/label&gt;\n                            &lt;span&gt;john@example.com&lt;/span&gt;\n                        &lt;/div&gt;\n                        &lt;div class=&quot;info-item&quot;&gt;\n                            &lt;label&gt;Status:&lt;/label&gt;\n                            &lt;span class=&quot;status-confirmed&quot;&gt;Confirmed&lt;/span&gt;\n                        &lt;/div&gt;\n                    &lt;/div&gt;\n                &lt;/div&gt;\n\n                &lt;div class=&quot;order-items&quot;&gt;\n                    &lt;h3&gt;Items Ordered&lt;/h3&gt;\n                    &lt;div class=&quot;items-list&quot;&gt;\n                        \n                        &lt;div class=&quot;order-item&quot;&gt;\n                            &lt;div class=&quot;item-info&quot;&gt;\n                                &lt;img src=&quot;/static//images/books/the_great_gatsby.jpg&quot; alt=&quot;The Great Gatsby&quot; class=&quot;item-thumbnail&quot;&gt;\n                                &lt;div class=&quot;item-details&quot;&gt;\n                                    &lt;h4&gt;The Great Gatsby&lt;/h4&gt;\n                                    &lt;p&gt;Fiction&lt;/p&gt;\n                                    &lt;p&gt;Quantity: 1&lt;/p&gt;\n                                &lt;/div&gt;\n                            &lt;/div&gt;\n                            &lt;div class=&quot;item-price&quot;&gt;\n                                &lt;p&gt;$10.99 each&lt;/p&gt;\n                                &lt;p&gt;&lt;strong&gt;$10.99&lt;/strong&gt;&lt;/p&gt;\n                            &lt;/div&gt;\n                        &lt;/div&gt;\n                        \n                    &lt;/div&gt;\n                &lt;/div&gt;\n\n                &lt;div class=&quot;shipping-payment-info&quot;&gt;\n                    &lt;div class=&quot;shipping-details&quot;&gt;\n                        &lt;h3&gt;Shipping Address&lt;/h3&gt;\n                        &lt;div class=&quot;address&quot;&gt;\n                            &lt;p&gt;&lt;strong&gt;John Doe&lt;/strong&gt;&lt;/p&gt;\n                            &lt;p&gt;456 Main St&lt;/p&gt;\n                            &lt;p&gt;Springfield, 54321&lt;/p&gt;\n                        &lt;/div&gt;\n                    &lt;/div&gt;\n\n                    &lt;div class=&quot;payment-details&quot;&gt;\n                        &lt;h3&gt;Payment Information&lt;/h3&gt;\n                        &lt;p&gt;Payment Method: Credit Card&lt;/p&gt;\n                        \n                        &lt;p&gt;Transaction ID: TXN441072&lt;/p&gt;\n                        \n                    &lt;/div&gt;\n                &lt;/div&gt;\n\n                &lt;div class=&quot;order-total&quot;&gt;\n                    &lt;div class=&quot;total-breakdown&quot;&gt;\n                        &lt;div class=&quot;total-line&quot;&gt;\n                            &lt;span&gt;Total Amount:&lt;/span&gt;\n                            &lt;span class=&quot;total-amount&quot;&gt;$9.89&lt;/span&gt;\n                        &lt;/div&gt;\n                    &lt;/div&gt;\n                &lt;/div&gt;\n\n                &lt;div class=&quot;confirmation-message&quot;&gt;\n                    &lt;div class=&quot;message-box&quot;&gt;\n                        &lt;h4&gt;\xf0\x9f\x93\xa7 Confirmation Email Sent&lt;/h4&gt;\n                        &lt;p&gt;A confirmation email with your order details has been sent to &lt;strong&gt;john@example.com&lt;/strong&gt;.&lt;/p&gt;\n                        &lt;p&gt;Please check your inbox (and spam folder) for the confirmation email.&lt;/p&gt;\n                    &lt;/div&gt;\n                &lt;/div&gt;\n\n                &lt;div class=&quot;next-steps&quot;&gt;\n                    &lt;h3&gt;What\'s Next?&lt;/h3&gt;\n                    &lt;ul&gt;\n                        &lt;li&gt;You will receive an email confirmation shortly&lt;/li&gt;\n                        &lt;li&gt;Your order will be processed within 1-2 business days&lt;/li&gt;\n                        &lt;li&gt;You will receive a shipping notification with tracking information&lt;/li&gt;\n                        &lt;li&gt;Estimated delivery: 3-5 business days&lt;/li&gt;\n                    &lt;/ul&gt;\n                &lt;/div&gt;\n\n                &lt;div class=&quot;action-buttons&quot;&gt;\n                    &lt;a href=&quot;/&quot; class=&quot;btn btn-primary&quot;&gt;Continue Shopping&lt;/a&gt;\n                    \n                &lt;/div&gt;\n            &lt;/div&gt;\n        &lt;/div&gt;\n    &lt;/section&gt;\n\n&lt;/body&gt;\n&lt;/html&gt;'.lower&#10; +      where b'&lt;!DOCTYPE html&gt;\n&lt;html lang=&quot;en&quot;&gt;\n&lt;head&gt;\n    &lt;meta charset=&quot;UTF-8&quot;&gt;\n    &lt;meta name=&quot;viewport&quot; content=&quot;width=device-width, initial-scale=1.0&quot;&gt;\n    &lt;title&gt;Order Confirmation - Online Bookstore&lt;/title&gt;\n    &lt;link href=&quot;https://fonts.googleapis.com/css2?family=Roboto:wght@400;500;700&amp;family=Open+Sans:wght@300;400;600&amp;display=swap&quot; rel=&quot;stylesheet&quot;&gt;\n    &lt;link rel=&quot;stylesheet&quot; href=&quot;/static/styles.css&quot;&gt;\n&lt;/head&gt;\n&lt;body&gt;\n\n    &lt;header&gt;\n        &lt;div class=&quot;container&quot;&gt;\n            &lt;img src=&quot;/static/logo.png&quot; alt=&quot;Online Bookstore Logo&quot; class=&quot;logo&quot;&gt;\n            &lt;h1&gt;Online Bookstore&lt;/h1&gt;\n            &lt;nav&gt;\n                &lt;a href=&quot;/&quot;&gt;Home&lt;/a&gt;\n                &lt;a href=&quot;/cart&quot;&gt;Cart&lt;/a&gt;\n                \n                    &lt;a href=&quot;/login&quot;&gt;Login&lt;/a&gt;\n                    &lt;a href=&quot;/register&quot;&gt;Register&lt;/a&gt;\n                \n            &lt;/nav&gt;\n        &lt;/div&gt;\n    &lt;/header&gt;\n\n    &lt;section class=&quot;order-confirmation-section&quot;&gt;\n        &lt;div class=&quot;container&quot;&gt;\n            &lt;div class=&quot;confirmation-header&quot;&gt;\n                &lt;div class=&quot;success-icon&quot;&gt;\xe2\x9c\x93&lt;/div&gt;\n                &lt;h2&gt;Order Confirmed!&lt;/h2&gt;\n                &lt;p&gt;Thank you for your purchase. Your order has been successfully processed.&lt;/p&gt;\n            &lt;/div&gt;\n            \n            &lt;div class=&quot;order-details&quot;&gt;\n                &lt;div class=&quot;order-info&quot;&gt;\n                    &lt;h3&gt;Order Information&lt;/h3&gt;\n                    &lt;div class=&quot;info-grid&quot;&gt;\n                        &lt;div class=&quot;info-item&quot;&gt;\n                            &lt;label&gt;Order Number:&lt;/label&gt;\n                            &lt;span class=&quot;order-number&quot;&gt;#D85B01E3&lt;/span&gt;\n                        &lt;/div&gt;\n                        &lt;div class=&quot;info-item&quot;&gt;\n                            &lt;label&gt;Order Date:&lt;/label&gt;\n                            &lt;span&gt;December 04, 2025 at 06:27 PM&lt;/span&gt;\n                        &lt;/div&gt;\n                        &lt;div class=&quot;info-item&quot;&gt;\n                            &lt;label&gt;Email:&lt;/label&gt;\n                            &lt;span&gt;john@example.com&lt;/span&gt;\n                        &lt;/div&gt;\n                        &lt;div class=&quot;info-item&quot;&gt;\n                            &lt;label&gt;Status:&lt;/label&gt;\n                            &lt;span class=&quot;status-confirmed&quot;&gt;Confirmed&lt;/span&gt;\n                        &lt;/div&gt;\n                    &lt;/div&gt;\n                &lt;/div&gt;\n\n                &lt;div class=&quot;order-items&quot;&gt;\n                    &lt;h3&gt;Items Ordered&lt;/h3&gt;\n                    &lt;div class=&quot;items-list&quot;&gt;\n                        \n                        &lt;div class=&quot;order-item&quot;&gt;\n                            &lt;div class=&quot;item-info&quot;&gt;\n                                &lt;img src=&quot;/static//images/books/the_great_gatsby.jpg&quot; alt=&quot;The Great Gatsby&quot; class=&quot;item-thumbnail&quot;&gt;\n                                &lt;div class=&quot;item-details&quot;&gt;\n                                    &lt;h4&gt;The Great Gatsby&lt;/h4&gt;\n                                    &lt;p&gt;Fiction&lt;/p&gt;\n                                    &lt;p&gt;Quantity: 1&lt;/p&gt;\n                                &lt;/div&gt;\n                            &lt;/div&gt;\n                            &lt;div class=&quot;item-price&quot;&gt;\n                                &lt;p&gt;$10.99 each&lt;/p&gt;\n                                &lt;p&gt;&lt;strong&gt;$10.99&lt;/strong&gt;&lt;/p&gt;\n                            &lt;/div&gt;\n                        &lt;/div&gt;\n                        \n                    &lt;/div&gt;\n                &lt;/div&gt;\n\n                &lt;div class=&quot;shipping-payment-info&quot;&gt;\n                    &lt;div class=&quot;shipping-details&quot;&gt;\n                        &lt;h3&gt;Shipping Address&lt;/h3&gt;\n                        &lt;div class=&quot;address&quot;&gt;\n                            &lt;p&gt;&lt;strong&gt;John Doe&lt;/strong&gt;&lt;/p&gt;\n                            &lt;p&gt;456 Main St&lt;/p&gt;\n                            &lt;p&gt;Springfield, 54321&lt;/p&gt;\n                        &lt;/div&gt;\n                    &lt;/div&gt;\n\n                    &lt;div class=&quot;payment-details&quot;&gt;\n                        &lt;h3&gt;Payment Information&lt;/h3&gt;\n                        &lt;p&gt;Payment Method: Credit Card&lt;/p&gt;\n                        \n                        &lt;p&gt;Transaction ID: TXN441072&lt;/p&gt;\n                        \n                    &lt;/div&gt;\n                &lt;/div&gt;\n\n                &lt;div class=&quot;order-total&quot;&gt;\n                    &lt;div class=&quot;total-breakdown&quot;&gt;\n                        &lt;div class=&quot;total-line&quot;&gt;\n                            &lt;span&gt;Total Amount:&lt;/span&gt;\n                            &lt;span class=&quot;total-amount&quot;&gt;$9.89&lt;/span&gt;\n                        &lt;/div&gt;\n                    &lt;/div&gt;\n                &lt;/div&gt;\n\n                &lt;div class=&quot;confirmation-message&quot;&gt;\n                    &lt;div class=&quot;message-box&quot;&gt;\n                        &lt;h4&gt;\xf0\x9f\x93\xa7 Confirmation Email Sent&lt;/h4&gt;\n                        &lt;p&gt;A confirmation email with your order details has been sent to &lt;strong&gt;john@example.com&lt;/strong&gt;.&lt;/p&gt;\n                        &lt;p&gt;Please check your inbox (and spam folder) for the confirmation email.&lt;/p&gt;\n                    &lt;/div&gt;\n                &lt;/div&gt;\n\n                &lt;div class=&quot;next-steps&quot;&gt;\n                    &lt;h3&gt;What\'s Next?&lt;/h3&gt;\n                    &lt;ul&gt;\n                        &lt;li&gt;You will receive an email confirmation shortly&lt;/li&gt;\n                        &lt;li&gt;Your order will be processed within 1-2 business days&lt;/li&gt;\n                        &lt;li&gt;You will receive a shipping notification with tracking information&lt;/li&gt;\n                        &lt;li&gt;Estimated delivery: 3-5 business days&lt;/li&gt;\n                    &lt;/ul&gt;\n                &lt;/div&gt;\n\n                &lt;div class=&quot;action-buttons&quot;&gt;\n                    &lt;a href=&quot;/&quot; class=&quot;btn btn-primary&quot;&gt;Continue Shopping&lt;/a&gt;\n                    \n                &lt;/div&gt;\n            &lt;/div&gt;\n        &lt;/div&gt;\n    &lt;/section&gt;\n\n&lt;/body&gt;\n&lt;/html&gt;' = &lt;WrapperTestResponse 5490 bytes [200 OK]&gt;.data">tests/integration/test_routes_checkout.py:61: in test_checkout_with_save10_discount
    assert b'saved' in response.data.lower() or b'discount' in response.data.lower()
E   assert (b'saved' in b'&lt;!doctype html&gt;\n&lt;html lang="en"&gt;\n&lt;head&gt;\n    &lt;meta charset="utf-8"&gt;\n    &lt;meta name="viewport" content="width=device-width, initial-scale=1.0"&gt;\n    &lt;title&gt;order confirmation - online bookstore&lt;/title&gt;\n    &lt;link href="https://fonts.googleapis.com/css2?family=roboto:wght@400;500;700&amp;family=open+sans:wght@300;400;600&amp;display=swap" rel="stylesheet"&gt;\n    &lt;link rel="stylesheet" href="/static/styles.css"&gt;\n&lt;/head&gt;\n&lt;body&gt;\n\n    &lt;header&gt;\n        &lt;div class="container"&gt;\n            &lt;img src="/static/logo.png" alt="online bookstore logo" class="logo"&gt;\n            &lt;h1&gt;online bookstore&lt;/h1&gt;\n            &lt;nav&gt;\n                &lt;a href="/"&gt;home&lt;/a&gt;\n                &lt;a href="/cart"&gt;cart&lt;/a&gt;\n                \n                    &lt;a href="/login"&gt;login&lt;/a&gt;\n                    &lt;a href="/register"&gt;register&lt;/a&gt;\n                \n            &lt;/nav&gt;\n        &lt;/div&gt;\n    &lt;/header&gt;\n\n    &lt;section class="order-confirmation-section"&gt;\n        &lt;div class="container"&gt;\n            &lt;div class="confirmation-header"&gt;\n                &lt;div class="success-icon"&gt;\xe2\x9c\x93&lt;/div&gt;\n                &lt;h2&gt;order confirmed!&lt;/h2&gt;\n                &lt;p&gt;thank you for your purchase. your order has been successfully processed.&lt;/p&gt;\n            &lt;/div&gt;\n            \n            &lt;div class="order-details"&gt;\n                &lt;div class="order-info"&gt;\n                    &lt;h3&gt;order information&lt;/h3&gt;\n                    &lt;div class="info-grid"&gt;\n                        &lt;div class="info-item"&gt;\n                            &lt;label&gt;order number:&lt;/label&gt;\n                            &lt;span class="order-number"&gt;#d85b01e3&lt;/span&gt;\n                        &lt;/div&gt;\n                        &lt;div class="info-item"&gt;\n                            &lt;label&gt;order date:&lt;/label&gt;\n                            &lt;span&gt;december 04, 2025 at 06:27 pm&lt;/span&gt;\n                        &lt;/div&gt;\n                        &lt;div class="info-item"&gt;\n                            &lt;label&gt;email:&lt;/label&gt;\n                            &lt;span&gt;john@example.com&lt;/span&gt;\n                        &lt;/div&gt;\n                        &lt;div class="info-item"&gt;\n                            &lt;label&gt;status:&lt;/label&gt;\n                            &lt;span class="status-confirmed"&gt;confirmed&lt;/span&gt;\n                        &lt;/div&gt;\n                    &lt;/div&gt;\n                &lt;/div&gt;\n\n                &lt;div class="order-items"&gt;\n                    &lt;h3&gt;items ordered&lt;/h3&gt;\n                    &lt;div class="items-list"&gt;\n                        \n                        &lt;div class="order-item"&gt;\n                            &lt;div class="item-info"&gt;\n                                &lt;img src="/static//images/books/the_great_gatsby.jpg" alt="the great gatsby" class="item-thumbnail"&gt;\n                                &lt;div class="item-details"&gt;\n                                    &lt;h4&gt;the great gatsby&lt;/h4&gt;\n                                    &lt;p&gt;fiction&lt;/p&gt;\n                                    &lt;p&gt;quantity: 1&lt;/p&gt;\n                                &lt;/div&gt;\n                            &lt;/div&gt;\n                            &lt;div class="item-price"&gt;\n                                &lt;p&gt;$10.99 each&lt;/p&gt;\n                                &lt;p&gt;&lt;strong&gt;$10.99&lt;/strong&gt;&lt;/p&gt;\n                            &lt;/div&gt;\n                        &lt;/div&gt;\n                        \n                    &lt;/div&gt;\n                &lt;/div&gt;\n\n                &lt;div class="shipping-payment-info"&gt;\n                    &lt;div class="shipping-details"&gt;\n                        &lt;h3&gt;shipping address&lt;/h3&gt;\n                        &lt;div class="address"&gt;\n                            &lt;p&gt;&lt;strong&gt;john doe&lt;/strong&gt;&lt;/p&gt;\n                            &lt;p&gt;456 main st&lt;/p&gt;\n                            &lt;p&gt;springfield, 54321&lt;/p&gt;\n                        &lt;/div&gt;\n                    &lt;/div&gt;\n\n                    &lt;div class="payment-details"&gt;\n                        &lt;h3&gt;payment information&lt;/h3&gt;\n                        &lt;p&gt;payment method: credit card&lt;/p&gt;\n                        \n                        &lt;p&gt;transaction id: txn441072&lt;/p&gt;\n                        \n                    &lt;/div&gt;\n                &lt;/div&gt;\n\n                &lt;div class="order-total"&gt;\n                    &lt;div class="total-breakdown"&gt;\n                        &lt;div class="total-line"&gt;\n                            &lt;span&gt;total amount:&lt;/span&gt;\n                            &lt;span class="total-amount"&gt;$9.89&lt;/span&gt;\n                        &lt;/div&gt;\n                    &lt;/div&gt;\n                &lt;/div&gt;\n\n                &lt;div class="confirmation-message"&gt;\n                    &lt;div class="message-box"&gt;\n                        &lt;h4&gt;\xf0\x9f\x93\xa7 confirmation email sent&lt;/h4&gt;\n                        &lt;p&gt;a confirmation email with your order details has been sent to &lt;strong&gt;john@example.com&lt;/strong&gt;.&lt;/p&gt;\n                        &lt;p&gt;please check your inbox (and spam folder) for the confirmation email.&lt;/p&gt;\n                    &lt;/div&gt;\n                &lt;/div&gt;\n\n                &lt;div class="next-steps"&gt;\n                    &lt;h3&gt;what\'s next?&lt;/h3&gt;\n                    &lt;ul&gt;\n                        &lt;li&gt;you will receive an email confirmation shortly&lt;/li&gt;\n                        &lt;li&gt;your order will be processed within 1-2 business days&lt;/li&gt;\n                        &lt;li&gt;you will receive a shipping notification with tracking information&lt;/li&gt;\n                        &lt;li&gt;estimated delivery: 3-5 business days&lt;/li&gt;\n                    &lt;/ul&gt;\n                &lt;/div&gt;\n\n                &lt;div class="action-buttons"&gt;\n                    &lt;a href="/" class="btn btn-primary"&gt;continue shopping&lt;/a&gt;\n                    \n                &lt;/div&gt;\n            &lt;/div&gt;\n        &lt;/div&gt;\n    &lt;/section&gt;\n\n&lt;/body&gt;\n&lt;/html&gt;' or b'discount' in b'&lt;!doctype html&gt;\n&lt;html lang="en"&gt;\n&lt;head&gt;\n    &lt;meta charset="utf-8"&gt;\n    &lt;meta name="viewport" content="width=device-width, initial-scale=1.0"&gt;\n    &lt;title&gt;order confirmation - online bookstore&lt;/title&gt;\n    &lt;link href="https://fonts.googleapis.com/css2?family=roboto:wght@400;500;700&amp;family=open+sans:wght@300;400;600&amp;display=swap" rel="stylesheet"&gt;\n    &lt;link rel="stylesheet" href="/static/styles.css"&gt;\n&lt;/head&gt;\n&lt;body&gt;\n\n    &lt;header&gt;\n        &lt;div class="container"&gt;\n            &lt;img src="/static/logo.png" alt="online bookstore logo" class="logo"&gt;\n            &lt;h1&gt;online bookstore&lt;/h1&gt;\n            &lt;nav&gt;\n                &lt;a href="/"&gt;home&lt;/a&gt;\n                &lt;a href="/cart"&gt;cart&lt;/a&gt;\n                \n                    &lt;a href="/login"&gt;login&lt;/a&gt;\n                    &lt;a href="/register"&gt;register&lt;/a&gt;\n                \n            &lt;/nav&gt;\n        &lt;/div&gt;\n    &lt;/header&gt;\n\n    &lt;section class="order-confirmation-section"&gt;\n        &lt;div class="container"&gt;\n            &lt;div class="confirmation-header"&gt;\n                &lt;div class="success-icon"&gt;\xe2\x9c\x93&lt;/div&gt;\n                &lt;h2&gt;order confirmed!&lt;/h2&gt;\n                &lt;p&gt;thank you for your purchase. your order has been successfully processed.&lt;/p&gt;\n            &lt;/div&gt;\n            \n            &lt;div class="order-details"&gt;\n                &lt;div class="order-info"&gt;\n                    &lt;h3&gt;order information&lt;/h3&gt;\n                    &lt;div class="info-grid"&gt;\n                        &lt;div class="info-item"&gt;\n                            &lt;label&gt;order number:&lt;/label&gt;\n                            &lt;span class="order-number"&gt;#d85b01e3&lt;/span&gt;\n                        &lt;/div&gt;\n                        &lt;div class="info-item"&gt;\n                            &lt;label&gt;order date:&lt;/label&gt;\n                            &lt;span&gt;december 04, 2025 at 06:27 pm&lt;/span&gt;\n                        &lt;/div&gt;\n                        &lt;div class="info-item"&gt;\n                            &lt;label&gt;email:&lt;/label&gt;\n                            &lt;span&gt;john@example.com&lt;/span&gt;\n                        &lt;/div&gt;\n                        &lt;div class="info-item"&gt;\n                            &lt;label&gt;status:&lt;/label&gt;\n                            &lt;span class="status-confirmed"&gt;confirmed&lt;/span&gt;\n                        &lt;/div&gt;\n                    &lt;/div&gt;\n                &lt;/div&gt;\n\n                &lt;div class="order-items"&gt;\n                    &lt;h3&gt;items ordered&lt;/h3&gt;\n                    &lt;div class="items-list"&gt;\n                        \n                        &lt;div class="order-item"&gt;\n                            &lt;div class="item-info"&gt;\n                                &lt;img src="/static//images/books/the_great_gatsby.jpg" alt="the great gatsby" class="item-thumbnail"&gt;\n                                &lt;div class="item-details"&gt;\n                                    &lt;h4&gt;the great gatsby&lt;/h4&gt;\n                                    &lt;p&gt;fiction&lt;/p&gt;\n                                    &lt;p&gt;quantity: 1&lt;/p&gt;\n                                &lt;/div&gt;\n                            &lt;/div&gt;\n                            &lt;div class="item-price"&gt;\n                                &lt;p&gt;$10.99 each&lt;/p&gt;\n                                &lt;p&gt;&lt;strong&gt;$10.99&lt;/strong&gt;&lt;/p&gt;\n                            &lt;/div&gt;\n                        &lt;/div&gt;\n                        \n                    &lt;/div&gt;\n                &lt;/div&gt;\n\n                &lt;div class="shipping-payment-info"&gt;\n                    &lt;div class="shipping-details"&gt;\n                        &lt;h3&gt;shipping address&lt;/h3&gt;\n                        &lt;div class="address"&gt;\n                            &lt;p&gt;&lt;strong&gt;john doe&lt;/strong&gt;&lt;/p&gt;\n                            &lt;p&gt;456 main st&lt;/p&gt;\n                            &lt;p&gt;springfield, 54321&lt;/p&gt;\n                        &lt;/div&gt;\n                    &lt;/div&gt;\n\n                    &lt;div class="payment-details"&gt;\n                        &lt;h3&gt;payment information&lt;/h3&gt;\n                        &lt;p&gt;payment method: credit card&lt;/p&gt;\n                        \n                        &lt;p&gt;transaction id: txn441072&lt;/p&gt;\n                        \n                    &lt;/div&gt;\n                &lt;/div&gt;\n\n                &lt;div class="order-tot
[...]
" time="0.001" /><testcase classname="tests.security.test_security.TestCryptographySecrets" name="test_sensitive_data_in_session" time="0.001" /><testcase classname="tests.security.test_security.TestCryptographySecrets" name="test_payment_data_not_stored" time="0.002" /><testcase classname="tests.security.test_security.TestCryptographySecrets" name="test_session_cookie_configuration" time="0.001" /><testcase classname="tests.unit.test_book.TestBook" name="test_book_creation" time="0.001" /><testcase classname="tests.unit.test_book.TestBook" name="test_book_with_different_types" time="0.000" /><testcase classname="tests.unit.test_book.TestBook" name="test_book_price_is_positive" time="0.000" /><testcase classname="tests.unit.test_cart.TestCart" name="test_cart_initialization" time="0.000" /><testcase classname="tests.unit.test_cart.TestCart" name="test_add_book_to_empty_cart" time="0.000" /><testcase classname="tests.unit.test_cart.TestCart" name="test_add_book_with_multiple_quantity" time="0.000" /><testcase classname="tests.unit.test_cart.TestCart" name="test_add_same_book_multiple_times" time="0.001" /><testcase classname="tests.unit.test_cart.TestCart" name="test_remove_book_from_cart" time="0.000" /><testcase classname="tests.unit.test_cart.TestCart" name="test_remove_nonexistent_book" time="0.000" /><testcase classname="tests.unit.test_cart.TestCart" name="test_update_quantity_to_zero" time="0.000" /><testcase classname="tests.unit.test_cart.TestCart" name="test_update_quantity_to_negative" time="0.000" /><testcase classname="tests.unit.test_cart.TestCart" name="test_update_quantity_valid" time="0.000" /><testcase classname="tests.unit.test_cart.TestCart" name="test_get_total_items" time="0.000" /><testcase classname="tests.unit.test_cart.TestCart" name="test_get_total_items_empty_cart" time="0.000" /><testcase classname="tests.unit.test_cart.TestCart" name="test_get_total_price" time="0.000" /><testcase classname="tests.unit.test_cart.TestCart" name="test_get_total_price_large_quantities" time="0.000" /><testcase classname="tests.unit.test_cart.TestCart" name="test_clear_cart" time="0.001" /><testcase classname="tests.unit.test_cart.TestCart" name="test_get_items" time="0.000" /><testcase classname="tests.unit.test_cart.TestCart" name="test_is_empty_with_items" time="0.001" /><testcase classname="tests.unit.test_cart.TestCart" name="test_multiple_operations_sequence" time="0.000" /><testcase classname="tests.unit.test_cart_item.TestCartItem" name="test_cart_item_creation" time="0.000" /><testcase classname="tests.unit.test_cart_item.TestCartItem" name="test_cart_item_default_quantity" time="0.000" /><testcase classname="tests.unit.test_cart_item.TestCartItem" name="test_cart_item_get_total_price" time="0.000" /><testcase classname="tests.unit.test_cart_item.TestCartItem" name="test_cart_item_total_price_single_quantity" time="0.000" /><testcase classname="tests.unit.test_cart_item.TestCartItem" name="test_cart_item_total_price_large_quantity" time="0.000" /><testcase classname="tests.unit.test_cart_parametrized.TestCartParametrized" name="test_cart_add_various_quantities[1-1]" time="0.001" /><testcase classname="tests.unit.test_cart_parametrized.TestCartParametrized" name="test_cart_add_various_quantities[5-5]" time="0.000" /><testcase classname="tests.unit.test_cart_parametrized.TestCartParametrized" name="test_cart_add_various_quantities[10-10]" time="0.000" /><testcase classname="tests.unit.test_cart_parametrized.TestCartParametrized" name="test_cart_add_various_quantities[50-50]" time="0.000" /><testcase classname="tests.unit.test_cart_parametrized.TestCartParametrized" name="test_cart_add_various_quantities[100-100]" time="0.000" /><testcase classname="tests.unit.test_cart_parametrized.TestCartParametrized" name="test_cart_add_various_quantities[1000-1000]" time="0.000" /><testcase classname="tests.unit.test_cart_parametrized.TestCartParametrized" name="test_discount_codes_all_cases[SAVE10-0.1]" time="0.003" /><testcase classname="tests.unit.test_cart_parametrized.TestCartParametrized" name="test_discount_codes_all_cases[save10-0.1]" time="0.002" /><testcase classname="tests.unit.test_cart_parametrized.TestCartParametrized" name="test_discount_codes_all_cases[SaVe10-0.1]" time="0.002" /><testcase classname="tests.unit.test_cart_parametrized.TestCartParametrized" name="test_discount_codes_all_cases[SAVE10 -0.1]" time="0.004" /><testcase classname="tests.unit.test_cart_parametrized.TestCartParametrized" name="test_discount_codes_all_cases[ SAVE10-0.1]" time="0.003" /><testcase classname="tests.unit.test_cart_parametrized.TestCartParametrized" name="test_discount_codes_all_cases[WELCOME20-0.2]" time="0.002" /><testcase classname="tests.unit.test_cart_parametrized.TestCartParametrized" name="test_discount_codes_all_cases[welcome20-0.2]" time="0.002" /><testcase classname="tests.unit.test_cart_parametrized.TestCartParametrized" name="test_discount_codes_all_cases[WeLcOmE20-0.2]" time="0.002" /><testcase classname="tests.unit.test_cart_parametrized.TestCartParametrized" name="test_discount_codes_all_cases[INVALID-0.0]" time="0.003" /><testcase classname="tests.unit.test_cart_parametrized.TestCartParametrized" name="test_discount_codes_all_cases[-0.0]" time="0.002" /><testcase classname="tests.unit.test_cart_parametrized.TestCartParametrized" name="test_discount_codes_all_cases[RANDOM-0.0]" time="0.002" /><testcase classname="tests.unit.test_cart_parametrized.TestCartParametrized" name="test_payment_validation_comprehensive[4532123456781111-True]" time="0.000" /><testcase classname="tests.unit.test_cart_parametrized.TestCartParametrized" name="test_payment_validation_comprehensive[4532123456789012-False]" time="0.001" /><testcase classname="tests.unit.test_cart_parametrized.TestCartParametrized" name="test_payment_validation_comprehensive[-True]" time="0.001"><failure message="assert True == False">tests/unit/test_cart_parametrized.py:74: in test_payment_validation_comprehensive
    assert result['success'] == False
E   assert True == False</failure></testcase><testcase classname="tests.unit.test_cart_parametrized.TestCartParametrized" name="test_payment_validation_comprehensive[123-True]" time="0.001"><failure message="assert True == False">tests/unit/test_cart_parametrized.py:74: in test_payment_validation_comprehensive
    assert result['success'] == False
E   assert True == False</failure></testcase><testcase classname="tests.unit.test_cart_parametrized.TestCartParametrized" name="test_payment_validation_comprehensive[abcd123456789012-False]" time="0.000" /><testcase classname="tests.unit.test_cart_parametrized.TestCartParametrized" name="test_payment_validation_comprehensive[4111111111111111-False]" time="0.000"><failure message="assert False == True">tests/unit/test_cart_parametrized.py:76: in test_payment_validation_comprehensive
    assert result['success'] == True
E   assert False == True</failure></testcase><testcase classname="tests.unit.test_cart_parametrized.TestCartParametrized" name="test_payment_validation_comprehensive[5555555555554444-False]" time="0.000" /><testcase classname="tests.unit.test_cart_parametrized.TestCartParametrized" name="test_payment_validation_comprehensive[0000000000001111-True]" time="0.000" /><testcase classname="tests.unit.test_cart_parametrized.TestCartParametrized" name="test_email_format_validation[test@example.com-True]" time="0.002" /><testcase classname="tests.unit.test_cart_parametrized.TestCartParametrized" name="test_email_format_validation[user.name@domain.com-True]" time="0.002" /><testcase classname="tests.unit.test_cart_parametrized.TestCartParametrized" name="test_email_format_validation[user+tag@example.co.uk-True]" time="0.002" /><testcase classname="tests.unit.test_cart_parametrized.TestCartParametrized" name="test_email_format_validation[invalid.email-False]" time="0.001" /><testcase classname="tests.unit.test_cart_parametrized.TestCartParametrized" name="test_email_format_validation[@example.com-False]" time="0.001" /><testcase classname="tests.unit.test_cart_parametrized.TestCartParametrized" name="test_email_format_validation[test@-False]" time="0.001" /><testcase classname="tests.unit.test_cart_parametrized.TestCartParametrized" name="test_email_format_validation[-False]" time="0.001" /><testcase classname="tests.unit.test_cart_parametrized.TestCartParametrized" name="test_email_format_validation[test @example.com-False]" time="0.001" /><testcase classname="tests.unit.test_cart_parametrized.TestCartParametrized" name="test_email_format_validation[test@exam ple.com-False]" time="0.001" /><testcase classname="tests.unit.test_cart_parametrized.TestCartParametrized" name="test_email_format_validation[&lt;script&gt;@example.com-False]" time="0.001" /><testcase classname="tests.unit.test_cart_parametrized.TestCartParametrized" name="test_update_quantity_edge_cases[0-True]" time="0.001" /><testcase classname="tests.unit.test_cart_parametrized.TestCartParametrized" name="test_update_quantity_edge_cases[-1-True]" time="0.001" /><testcase classname="tests.unit.test_cart_parametrized.TestCartParametrized" name="test_update_quantity_edge_cases[-100-True]" time="0.000" /><testcase classname="tests.unit.test_cart_parametrized.TestCartParametrized" name="test_update_quantity_edge_cases[1-False]" time="0.000" /><testcase classname="tests.unit.test_cart_parametrized.TestCartParametrized" name="test_update_quantity_edge_cases[5-False]" time="0.000" /><testcase classname="tests.unit.test_cart_parametrized.TestCartParametrized" name="test_update_quantity_edge_cases[100-False]" time="0.001" /><testcase classname="tests.unit.test_cart_parametrized.TestBookSearchParametrized" name="test_book_search_with_special_characters[The Great Gatsby-True]" time="0.000" /><testcase classname="tests.unit.test_cart_parametrized.TestBookSearchParametrized" name="test_book_search_with_special_characters[the great gatsby-True]" time="0.001"><failure message="assert None is not None">tests/unit/test_cart_parametrized.py:146: in test_book_search_with_special_characters
    assert result is not None
E   assert None is not None</failure></testcase><testcase classname="tests.unit.test_cart_parametrized.TestBookSearchParametrized" name="test_book_search_with_special_characters[THE GREAT GATSBY-True]" time="0.001"><failure message="assert None is not None">tests/unit/test_cart_parametrized.py:146: in test_book_search_with_special_characters
    assert result is not None
E   assert None is not None</failure></testcase><testcase classname="tests.unit.test_cart_parametrized.TestBookSearchParametrized" name="test_book_search_with_special_characters[Gatsby-True]" time="0.001"><failure message="assert None is not None">tests/unit/test_cart_parametrized.py:146: in test_book_search_with_special_characters
    assert result is not None
E   assert None is not None</failure></testcase><testcase classname="tests.unit.test_cart_parametrized.TestBookSearchParametrized" name="test_book_search_with_special_characters[1984-True]" time="0.000" /><testcase classname="tests.unit.test_cart_parametrized.TestBookSearchParametrized" name="test_book_search_with_special_characters[Nonexistent Book-False]" time="0.000" /><testcase classname="tests.unit.test_cart_parametrized.TestBookSearchParametrized" name="test_book_search_with_special_characters[-False]" time="0.000" /><testcase classname="tests.unit.test_cart_parametrized.TestBookSearchParametrized" name="test_book_search_with_special_characters[@#$%-False]" time="0.000" /><testcase classname="tests.unit.test_cart_parametrized.TestBookSearchParametrized" name="test_book_search_with_special_characters[O'Brien-False]" time="0.001" /><testcase classname="tests.unit.test_cart_parametrized.TestBookSearchParametrized" name="test_book_search_with_special_characters[Book-Name-False]" time="0.000" /><testcase classname="tests.unit.test_cart_parametrized.TestOrderDateSorting" name="test_order_history_sorting_various_sizes[1]" time="0.000" /><testcase classname="tests.unit.test_cart_parametrized.TestOrderDateSorting" name="test_order_history_sorting_various_sizes[5]" time="0.000" /><testcase classname="tests.unit.test_cart_parametrized.TestOrderDateSorting" name="test_order_history_sorting_various_sizes[10]" time="0.000" /><testcase classname="tests.unit.test_cart_parametrized.TestOrderDateSorting" name="test_order_history_sorting_various_sizes[50]" time="0.000" /><testcase classname="tests.unit.test_cart_parametrized.TestOrderDateSorting" name="test_order_history_sorting_various_sizes[100]" time="0.001" /><testcase classname="tests.unit.test_cart_parametrized.TestOrderDateSorting" name="test_order_history_sorting_various_sizes[500]" time="0.002" /><testcase classname="tests.unit.test_email_service.TestEmailService" name="test_send_order_confirmation" time="0.001" /><testcase classname="tests.unit.test_email_service.TestEmailService" name="test_email_contains_order_details" time="0.001" /><testcase classname="tests.unit.test_email_service.TestEmailService" name="test_email_contains_items" time="0.001" /><testcase classname="tests.unit.test_email_service.TestEmailService" name="test_email_contains_shipping_address" time="0.001" /><testcase classname="tests.unit.test_email_service.TestEmailService" name="test_email_service_returns_true" time="0.001" /><testcase classname="tests.unit.test_email_service.TestEmailService" name="test_email_with_multiple_items" time="0.000" /><testcase classname="tests.unit.test_order.TestOrder" name="test_order_creation" time="0.001" /><testcase classname="tests.unit.test_order.TestOrder" name="test_order_has_timestamp" time="0.001" /><testcase classname="tests.unit.test_order.TestOrder" name="test_order_shipping_info" time="0.001" /><testcase classname="tests.unit.test_order.TestOrder" name="test_order_payment_info" time="0.000" /><testcase classname="tests.unit.test_order.TestOrder" name="test_order_to_dict" time="0.001" /><testcase classname="tests.unit.test_order.TestOrder" name="test_order_to_dict_items_format" time="0.001" /><testcase classname="tests.unit.test_order.TestOrder" name="test_order_date_format_in_dict" time="0.003" /><testcase classname="tests.unit.test_order.TestOrder" name="test_order_status_confirmed" time="0.001" /><testcase classname="tests.unit.test_order.TestOrder" name="test_order_items_are_copied" time="0.000" /><testcase classname="tests.unit.test_payment_gateway.TestPaymentGateway" name="test_process_payment_success" time="0.000" /><testcase classname="tests.unit.test_payment_gateway.TestPaymentGateway" name="test_process_payment_failing_card" time="0.000" /><testcase classname="tests.unit.test_payment_gateway.TestPaymentGateway" name="test_process_payment_generates_transaction_id" time="0.000" /><testcase classname="tests.unit.test_payment_gateway.TestPaymentGateway" name="test_process_payment_different_cards" time="0.000" /><testcase classname="tests.unit.test_payment_gateway.TestPaymentGateway" name="test_paypal_payment_no_validation" time="0.000" /><testcase classname="tests.unit.test_payment_gateway.TestPaymentGateway" name="test_payment_with_empty_card_number" time="0.000" /><testcase classname="tests.unit.test_payment_gateway.TestPaymentGateway" name="test_payment_processing_has_delay" time="0.000"><failure message="AssertionError: Payment processing has artificial delay&#10;assert 3.0994415283203125e-06 &gt;= 0.1">tests/unit/test_payment_gateway.py:88: in test_payment_processing_has_delay
    assert elapsed_time &gt;= 0.1, "Payment processing has artificial delay"
E   AssertionError: Payment processing has artificial delay
E   assert 3.0994415283203125e-06 &gt;= 0.1</failure></testcase><testcase classname="tests.unit.test_payment_gateway.TestPaymentGateway" name="test_payment_card_ending_patterns" time="0.000"><failure message="assert True is False">tests/unit/test_payment_gateway.py:98: in test_payment_card_ending_patterns
    assert PaymentGateway.process_payment({'card_number': '4532111'})['success'] is False
E   assert True is False</failure></testcase><testcase classname="tests.unit.test_payment_gateway.TestPaymentGateway" name="test_payment_returns_all_required_fields" time="0.000" /><testcase classname="tests.unit.test_properties.TestCartProperties" name="test_cart_total_always_positive" time="0.021" /><testcase classname="tests.unit.test_properties.TestCartProperties" name="test_cart_total_calculation_invariant" time="0.028" /><testcase classname="tests.unit.test_properties.TestCartProperties" name="test_cart_item_count_invariant" time="0.010" /><testcase classname="tests.unit.test_properties.TestCartProperties" name="test_cart_update_negative_quantity_removes_item" time="0.012" /><testcase classname="tests.unit.test_properties.TestCartProperties" name="test_cart_multiple_books_total" time="0.019" /><testcase classname="tests.unit.test_properties.TestUserProperties" name="test_order_history_always_sorted" time="0.025" /><testcase classname="tests.unit.test_properties.TestUserProperties" name="test_user_creation_with_any_credentials" time="1.212" /><testcase classname="tests.unit.test_properties.TestUserProperties" name="test_order_history_count_matches_additions" time="0.045" /><testcase classname="tests.unit.test_properties.TestEmailValidationProperties" name="test_email_validation_with_random_strings" time="0.038" /><testcase classname="tests.unit.test_properties.TestEmailValidationProperties" name="test_valid_emails_pass_validation" time="0.400"><failure message="assert False == True&#10;Falsifying example: test_valid_emails_pass_validation(&#10;    self=&lt;tests.unit.test_properties.TestEmailValidationProperties object at 0x109f555b0&gt;,&#10;    valid_email='*@A.ac',&#10;)">tests/unit/test_properties.py:136: in test_valid_emails_pass_validation
    @settings(max_examples=30)
tests/unit/test_properties.py:144: in test_valid_emails_pass_validation
    assert result == True
E   assert False == True
E   Falsifying example: test_valid_emails_pass_validation(
E       self=&lt;tests.unit.test_properties.TestEmailValidationProperties object at 0x109f555b0&gt;,
E       valid_email='*@A.ac',
E   )</failure></testcase><testcase classname="tests.unit.test_properties.TestPriceCalculationProperties" name="test_cart_item_total_never_negative" time="0.018" /><testcase classname="tests.unit.test_properties.TestPriceCalculationProperties" name="test_book_price_precision" time="0.016" /><testcase classname="tests.unit.test_properties.TestStringHandlingProperties" name="test_book_title_accepts_any_string" time="0.026" /><testcase classname="tests.unit.test_properties.TestStringHandlingProperties" name="test_user_name_accepts_any_string" time="0.018" /><testcase classname="tests.unit.test_properties.TestStringHandlingProperties" name="test_address_accepts_any_string" time="0.017" /><testcase classname="tests.unit.test_user.TestUser" name="test_user_creation_full" time="0.000" /><testcase classname="tests.unit.test_user.TestUser" name="test_user_creation_minimal" time="0.000" /><testcase classname="tests.unit.test_user.TestUser" name="test_unused_attributes_removed" time="0.000" /><testcase classname="tests.unit.test_user.TestUser" name="test_add_order" time="0.001" /><testcase classname="tests.unit.test_user.TestUser" name="test_add_order_sorting_inefficiency" time="0.001" /><testcase classname="tests.unit.test_user.TestUser" name="test_add_multiple_orders" time="0.001" /><testcase classname="tests.unit.test_user.TestUser" name="test_get_order_history" time="0.001" /><testcase classname="tests.unit.test_user.TestUser" name="test_get_order_history_empty" time="0.000" /><testcase classname="tests.unit.test_user.TestUser" name="test_get_order_history_creates_new_list" time="0.001" /><testcase classname="tests.unit.test_user.TestUser" name="test_user_password_storage" time="0.000" /><testcase classname="tests.unit.test_user.TestUser" name="test_user_with_special_characters_in_email" time="0.003" /></testsuite></testsuites>