<?xml version="1.0" encoding="utf-8"?><testsuites><testsuite name="pytest" errors="0" failures="0" skipped="18" tests="268" time="8.116" timestamp="2025-12-04T18:46:10.188912" hostname="Simons-MacBook-Air.local"><properties>
[...]
</properties><testcase classname="tests.integration.test_edge_cases.TestEdgeCases" name="test_whitespace_in_email_input" time="0.036" /><testcase classname="tests.integration.test_edge_cases.TestEdgeCases" name="test_unicode_characters_in_name" time="0.008" /><testcase classname="tests.integration.test_edge_cases.TestEdgeCases" name="test_unicode_characters_in_address" time="0.003" /><testcase classname="tests.integration.test_edge_cases.TestEdgeCases" name="test_very_long_string_in_name_field" time="0.002" /><testcase classname="tests.integration.test_edge_cases.TestEdgeCases" name="test_very_long_string_in_address_field" time="0.002" /><testcase classname="tests.integration.test_edge_cases.TestEdgeCases" name="test_floating_point_precision_in_prices" time="0.000" /><testcase classname="tests.integration.test_edge_cases.TestEdgeCases" name="test_price_edge_cases" time="0.000" /><testcase classname="tests.integration.test_edge_cases.TestEdgeCases" name="test_checkout_with_empty_cart" time="0.002" /><testcase classname="tests.integration.test_edge_cases.TestEdgeCases" name="test_session_isolation_between_users" time="0.007" /><testcase classname="tests.integration.test_edge_cases.TestEdgeCases" name="test_special_characters_in_book_title" time="0.000" /><testcase classname="tests.integration.test_edge_cases.TestEdgeCases" name="test_cvv_with_letters" time="0.002" /><testcase classname="tests.integration.test_edge_cases.TestEdgeCases" name="test_expired_credit_card_past_date" time="0.002" /><testcase classname="tests.integration.test_edge_cases.TestEdgeCases" name="test_none_values_in_required_fields" time="0.002" /><testcase classname="tests.integration.test_edge_cases.TestEdgeCases" name="test_multiple_cart_operations_in_sequence" time="0.003" /><testcase classname="tests.integration.test_edge_cases.TestEdgeCases" name="test_add_same_book_multiple_times" time="0.003" /><testcase classname="tests.integration.test_edge_cases.TestEdgeCases" name="test_clear_cart_multiple_times" time="0.003" /><testcase classname="tests.integration.test_edge_cases.TestEdgeCases" name="test_remove_nonexistent_book_from_cart" time="0.002" /><testcase classname="tests.integration.test_edge_cases.TestEdgeCases" name="test_update_nonexistent_book_quantity" time="0.002" /><testcase classname="tests.integration.test_routes_account.TestAccountRoutes" name="test_account_page_requires_login" time="0.004" /><testcase classname="tests.integration.test_routes_account.TestAccountRoutes" name="test_account_page_when_logged_in" time="0.008" /><testcase classname="tests.integration.test_routes_account.TestAccountRoutes" name="test_account_shows_user_info" time="0.002" /><testcase classname="tests.integration.test_routes_account.TestAccountRoutes" name="test_account_shows_order_history" time="0.002" /><testcase classname="tests.integration.test_routes_account.TestAccountRoutes" name="test_update_profile_requires_login" time="0.002" /><testcase classname="tests.integration.test_routes_account.TestAccountRoutes" name="test_update_profile_name_and_address" time="0.002" /><testcase classname="tests.integration.test_routes_account.TestAccountRoutes" name="test_update_profile_password" time="0.002" /><testcase classname="tests.integration.test_routes_account.TestAccountRoutes" name="test_update_profile_without_password_change" time="0.003" /><testcase classname="tests.integration.test_routes_account.TestAccountRoutes" name="test_update_profile_partial_data" time="0.002" /><testcase classname="tests.integration.test_routes_account.TestAccountRoutes" name="test_login_required_decorator" time="0.002" /><testcase classname="tests.integration.test_routes_auth.TestAuthRoutes" name="test_register_page_get" time="0.001" /><testcase classname="tests.integration.test_routes_auth.TestAuthRoutes" name="test_register_valid_user" time="0.002" /><testcase classname="tests.integration.test_routes_auth.TestAuthRoutes" name="test_register_creates_user_in_storage" time="0.002" /><testcase classname="tests.integration.test_routes_auth.TestAuthRoutes" name="test_register_logs_user_in" time="0.003" /><testcase classname="tests.integration.test_routes_auth.TestAuthRoutes" name="test_register_duplicate_email" time="0.002" /><testcase classname="tests.integration.test_routes_auth.TestAuthRoutes" name="test_register_duplicate_email_different_case" time="0.002" /><testcase classname="tests.integration.test_routes_auth.TestAuthRoutes" name="test_register_invalid_email_format" time="0.003" /><testcase classname="tests.integration.test_routes_auth.TestAuthRoutes" name="test_register_missing_required_fields" time="0.002" /><testcase classname="tests.integration.test_routes_auth.TestAuthRoutes" name="test_register_missing_email" time="0.001" /><testcase classname="tests.integration.test_routes_auth.TestAuthRoutes" name="test_login_page_get" time="0.001" /><testcase classname="tests.integration.test_routes_auth.TestAuthRoutes" name="test_login_valid_credentials" time="0.002" /><testcase classname="tests.integration.test_routes_auth.TestAuthRoutes" name="test_login_sets_session" time="0.001" /><testcase classname="tests.integration.test_routes_auth.TestAuthRoutes" name="test_login_invalid_email" time="0.001" /><testcase classname="tests.integration.test_routes_auth.TestAuthRoutes" name="test_login_wrong_password" time="0.001" /><testcase classname="tests.integration.test_routes_auth.TestAuthRoutes" name="test_logout" time="0.002" /><testcase classname="tests.integration.test_routes_auth.TestAuthRoutes" name="test_logout_clears_session" time="0.002" /><testcase classname="tests.integration.test_routes_auth.TestAuthRoutes" name="test_logout_when_not_logged_in" time="0.001" /><testcase classname="tests.integration.test_routes_cart.TestCartRoutes" name="test_view_cart_page" time="0.001" /><testcase classname="tests.integration.test_routes_cart.TestCartRoutes" name="test_add_to_cart_valid_book" time="0.001" /><testcase classname="tests.integration.test_routes_cart.TestCartRoutes" name="test_add_to_cart_default_quantity" time="0.001" /><testcase classname="tests.integration.test_routes_cart.TestCartRoutes" name="test_add_to_cart_non_numeric_quantity" time="0.001" /><testcase classname="tests.integration.test_routes_cart.TestCartRoutes" name="test_add_to_cart_empty_quantity" time="0.001" /><testcase classname="tests.integration.test_routes_cart.TestCartRoutes" name="test_add_to_cart_nonexistent_book" time="0.001" /><testcase classname="tests.integration.test_routes_cart.TestCartRoutes" name="test_add_same_book_multiple_times" time="0.001" /><testcase classname="tests.integration.test_routes_cart.TestCartRoutes" name="test_update_cart_valid_quantity" time="0.002" /><testcase classname="tests.integration.test_routes_cart.TestCartRoutes" name="test_update_cart_to_zero" time="0.002" /><testcase classname="tests.integration.test_routes_cart.TestCartRoutes" name="test_update_cart_to_negative" time="0.002" /><testcase classname="tests.integration.test_routes_cart.TestCartRoutes" name="test_update_cart_non_numeric_quantity" time="0.002" /><testcase classname="tests.integration.test_routes_cart.TestCartRoutes" name="test_remove_from_cart" time="0.002" /><testcase classname="tests.integration.test_routes_cart.TestCartRoutes" name="test_remove_nonexistent_book_from_cart" time="0.001" /><testcase classname="tests.integration.test_routes_cart.TestCartRoutes" name="test_clear_cart" time="0.002" /><testcase classname="tests.integration.test_routes_cart.TestCartRoutes" name="test_cart_operations_sequence" time="0.002" /><testcase classname="tests.integration.test_routes_catalog.TestCatalogRoutes" name="test_index_page_loads" time="0.001" /><testcase classname="tests.integration.test_routes_catalog.TestCatalogRoutes" name="test_index_displays_books" time="0.001" /><testcase classname="tests.integration.test_routes_catalog.TestCatalogRoutes" name="test_index_shows_book_prices" time="0.001" /><testcase classname="tests.integration.test_routes_catalog.TestCatalogRoutes" name="test_index_shows_book_categories" time="0.001" /><testcase classname="tests.integration.test_routes_catalog.TestCatalogRoutes" name="test_index_when_logged_out" time="0.001" /><testcase classname="tests.integration.test_routes_catalog.TestCatalogRoutes" name="test_index_when_logged_in" time="0.002" /><testcase classname="tests.integration.test_routes_catalog.TestCatalogRoutes" name="test_index_shows_cart_info" time="0.001" /><testcase classname="tests.integration.test_routes_catalog.TestCatalogRoutes" name="test_index_with_items_in_cart" time="0.001" /><testcase classname="tests.integration.test_routes_checkout.TestCheckoutRoutes" name="test_checkout_page_with_items" time="0.007" /><testcase classname="tests.integration.test_routes_checkout.TestCheckoutRoutes" name="test_checkout_page_empty_cart_redirects" time="0.002" /><testcase classname="tests.integration.test_routes_checkout.TestCheckoutRoutes" name="test_process_checkout_valid_data" time="0.009" /><testcase classname="tests.integration.test_routes_checkout.TestCheckoutRoutes" name="test_process_checkout_creates_order" time="0.003" /><testcase classname="tests.integration.test_routes_checkout.TestCheckoutRoutes" name="test_process_checkout_clears_cart" time="0.003" /><testcase classname="tests.integration.test_routes_checkout.TestCheckoutRoutes" name="test_checkout_with_save10_discount" time="0.003"><skipped type="pytest.xfail" message="Discount code feature may not be fully implemented" /></testcase><testcase classname="tests.integration.test_routes_checkout.TestCheckoutRoutes" name="test_checkout_with_welcome20_discount" time="0.003"><skipped type="pytest.xfail" message="Discount code feature may not be fully implemented" /></testcase><testcase classname="tests.integration.test_routes_checkout.TestCheckoutRoutes" name="test_checkout_discount_case_insensitive" time="0.003"><skipped type="pytest.xfail" message="BUG #3 may have been fixed - discount codes now case-insensitive" /></testcase><testcase classname="tests.integration.test_routes_checkout.TestCheckoutRoutes" name="test_checkout_discount_mixed_case" time="0.003"><skipped type="pytest.xfail" message="BUG #3 may have been fixed - discount codes now case-insensitive" /></testcase><testcase classname="tests.integration.test_routes_checkout.TestCheckoutRoutes" name="test_checkout_invalid_discount_code" time="0.002"><skipped type="pytest.xfail" message="Discount code feature may not be fully implemented" /></testcase><testcase classname="tests.integration.test_routes_checkout.TestCheckoutRoutes" name="test_checkout_missing_required_fields" time="0.002" /><testcase classname="tests.integration.test_routes_checkout.TestCheckoutRoutes" name="test_checkout_missing_name" time="0.002" /><testcase classname="tests.integration.test_routes_checkout.TestCheckoutRoutes" name="test_checkout_payment_failure" time="0.002" /><testcase classname="tests.integration.test_routes_checkout.TestCheckoutRoutes" name="test_checkout_paypal_payment" time="0.002" /><testcase classname="tests.integration.test_routes_checkout.TestCheckoutRoutes" name="test_checkout_empty_cart_redirects" time="0.001" /><testcase classname="tests.integration.test_routes_checkout.TestCheckoutRoutes" name="test_order_confirmation_page" time="0.002" /><testcase classname="tests.integration.test_routes_checkout.TestCheckoutRoutes" name="test_order_confirmation_shows_details" time="0.002" /><testcase classname="tests.performance.test_benchmarks.TestPerformanceBenchmarks" name="test_cart_total_calculation_small_quantity" time="1.182" /><testcase classname="tests.performance.test_benchmarks.TestPerformanceBenchmarks" name="test_cart_total_calculation_medium_quantity" time="1.233" /><testcase classname="tests.performance.test_benchmarks.TestPerformanceBenchmarks" name="test_cart_total_calculation_large_quantity" time="1.228" /><testcase classname="tests.performance.test_benchmarks.TestPerformanceBenchmarks" name="test_cart_total_timeit_comparison" time="0.006"><skipped type="pytest.xfail" message="Timeit comparison may vary based on system performance" /></testcase><testcase classname="tests.performance.test_benchmarks.TestPerformanceBenchmarks" name="test_cart_total_cprofile_analysis" time="0.001" /><testcase classname="tests.performance.test_benchmarks.TestPerformanceBenchmarks" name="test_order_history_sorting_small" time="1.194" /><testcase classname="tests.performance.test_benchmarks.TestPerformanceBenchmarks" name="test_order_history_sorting_medium" time="0.185" /><testcase classname="tests.performance.test_benchmarks.TestPerformanceBenchmarks" name="test_order_history_sorting_large" time="0.033" /><testcase classname="tests.performance.test_benchmarks.TestPerformanceBenchmarks" name="test_order_sorting_timeit_comparison" time="0.002"><skipped type="pytest.xfail" message="Timeit comparison may vary based on system performance" /></testcase><testcase classname="tests.performance.test_benchmarks.TestPerformanceBenchmarks" name="test_order_sorting_cprofile_analysis" time="0.002" /><testcase classname="tests.performance.test_benchmarks.TestPerformanceBenchmarks" name="test_payment_processing_delay_timeit" time="0.001"><skipped type="pytest.xfail" message="Payment delay may have been optimized/removed" /></testcase><testcase classname="tests.performance.test_benchmarks.TestPerformanceBenchmarks" name="test_payment_processing_cprofile_analysis" time="0.001" /><testcase classname="tests.performance.test_benchmarks.TestPerformanceBenchmarks" name="test_book_search_linear_vs_helper" time="0.018" /><testcase classname="tests.performance.test_performance_sla.TestPerformanceSLA" name="test_cart_total_performance_sla" time="0.001" /><testcase classname="tests.performance.test_performance_sla.TestPerformanceSLA" name="test_checkout_response_time_sla" time="0.002" /><testcase classname="tests.performance.test_performance_sla.TestPerformanceSLA" name="test_login_response_time_sla" time="0.001" /><testcase classname="tests.performance.test_performance_sla.TestPerformanceSLA" name="test_order_history_retrieval_sla" time="0.002" /><testcase classname="tests.performance.test_performance_sla.TestPerformanceSLA" name="test_book_search_performance_sla" time="0.000" /><testcase classname="tests.performance.test_performance_sla.TestPerformanceSLA" name="test_cart_update_performance_sla" time="0.002" /><testcase classname="tests.performance.test_performance_sla.TestPerformanceSLA" name="test_payment_processing_sla" time="0.000" /><testcase classname="tests.performance.test_performance_sla.TestPerformanceSLA" name="test_order_confirmation_sla" time="0.002" /><testcase classname="tests.performance.test_performance_sla.TestPerformanceSLA" name="test_profile_update_sla" time="0.001" /><testcase classname="tests.performance.test_performance_sla.TestPerformanceSLA" name="test_catalog_load_sla" time="0.001" /><testcase classname="tests.security.test_security.TestInputSanitization" name="test_sql_injection_in_email" time="0.001" /><testcase classname="tests.security.test_security.TestInputSanitization" name="test_xss_in_name_field" time="0.002" /><testcase classname="tests.security.test_security.TestInputSanitization" name="test_xss_in_address_field" time="0.002" /><testcase classname="tests.security.test_security.TestInputSanitization" name="test_command_injection_in_form" time="0.001" /><testcase classname="tests.security.test_security.TestInputSanitization" name="test_path_traversal_in_book_image" time="0.000" /><testcase classname="tests.security.test_security.TestInputSanitization" name="test_ldap_injection_in_authentication" time="0.001" /><testcase classname="tests.security.test_security.TestInputSanitization" name="test_xml_injection_in_order_data" time="0.002" /><testcase classname="tests.security.test_security.TestInputSanitization" name="test_script_injection_in_user_input" time="0.002" /><testcase classname="tests.security.test_security.TestInputSanitization" name="test_html_injection_in_flash_messages" time="0.001" /><testcase classname="tests.security.test_security.TestInputSanitization" name="test_crlf_injection_in_headers" time="0.001" /><testcase classname="tests.security.test_security.TestAuthenticationAuthorization" name="test_csrf_token_validation" time="0.001" /><testcase classname="tests.security.test_security.TestAuthenticationAuthorization" name="test_session_fixation_prevention" time="0.001" /><testcase classname="tests.security.test_security.TestAuthenticationAuthorization" name="test_password_complexity_requirements" time="0.000" /><testcase classname="tests.security.test_security.TestAuthenticationAuthorization" name="test_rate_limiting_on_login" time="0.004" /><testcase classname="tests.security.test_security.TestAuthenticationAuthorization" name="test_privilege_escalation_attempts" time="0.001" /><testcase classname="tests.security.test_security.TestAuthenticationAuthorization" name="test_concurrent_session_handling" time="0.001" /><testcase classname="tests.security.test_security.TestAuthenticationAuthorization" name="test_session_hijacking_prevention" time="0.001"><skipped type="pytest.xfail" message="Session validation logic may differ from test expectations" /></testcase><testcase classname="tests.security.test_security.TestDataValidation" name="test_credit_card_length_validation" time="0.002" /><testcase classname="tests.security.test_security.TestDataValidation" name="test_cvv_length_validation" time="0.002" /><testcase classname="tests.security.test_security.TestDataValidation" name="test_expiry_date_past_date_rejection" time="0.002" /><testcase classname="tests.security.test_security.TestDataValidation" name="test_email_format_with_malicious_payload" time="0.002" /><testcase classname="tests.security.test_security.TestDataValidation" name="test_zip_code_format_validation" time="0.005" /><testcase classname="tests.security.test_security.TestDataValidation" name="test_price_manipulation_attempts" time="0.000" /><testcase classname="tests.security.test_security.TestCryptographySecrets" name="test_password_stored_in_plaintext" time="0.000" /><testcase classname="tests.security.test_security.TestCryptographySecrets" name="test_hardcoded_secret_key" time="0.001" /><testcase classname="tests.security.test_security.TestCryptographySecrets" name="test_sensitive_data_in_session" time="0.001" /><testcase classname="tests.security.test_security.TestCryptographySecrets" name="test_payment_data_not_stored" time="0.002" /><testcase classname="tests.security.test_security.TestCryptographySecrets" name="test_session_cookie_configuration" time="0.001" /><testcase classname="tests.unit.test_book.TestBook" name="test_book_creation" time="0.000" /><testcase classname="tests.unit.test_book.TestBook" name="test_book_with_different_types" time="0.000" /><testcase classname="tests.unit.test_book.TestBook" name="test_book_price_is_positive" time="0.000" /><testcase classname="tests.unit.test_cart.TestCart" name="test_cart_initialization" time="0.000" /><testcase classname="tests.unit.test_cart.TestCart" name="test_add_book_to_empty_cart" time="0.000" /><testcase classname="tests.unit.test_cart.TestCart" name="test_add_book_with_multiple_quantity" time="0.000" /><testcase classname="tests.unit.test_cart.TestCart" name="test_add_same_book_multiple_times" time="0.000" /><testcase classname="tests.unit.test_cart.TestCart" name="test_remove_book_from_cart" time="0.000" /><testcase classname="tests.unit.test_cart.TestCart" name="test_remove_nonexistent_book" time="0.000" /><testcase classname="tests.unit.test_cart.TestCart" name="test_update_quantity_to_zero" time="0.001" /><testcase classname="tests.unit.test_cart.TestCart" name="test_update_quantity_to_negative" time="0.000" /><testcase classname="tests.unit.test_cart.TestCart" name="test_update_quantity_valid" time="0.000" /><testcase classname="tests.unit.test_cart.TestCart" name="test_get_total_items" time="0.000" /><testcase classname="tests.unit.test_cart.TestCart" name="test_get_total_items_empty_cart" time="0.000" /><testcase classname="tests.unit.test_cart.TestCart" name="test_get_total_price" time="0.000" /><testcase classname="tests.unit.test_cart.TestCart" name="test_get_total_price_large_quantities" time="0.000" /><testcase classname="tests.unit.test_cart.TestCart" name="test_clear_cart" time="0.000" /><testcase classname="tests.unit.test_cart.TestCart" name="test_get_items" time="0.000" /><testcase classname="tests.unit.test_cart.TestCart" name="test_is_empty_with_items" time="0.000" /><testcase classname="tests.unit.test_cart.TestCart" name="test_multiple_operations_sequence" time="0.001" /><testcase classname="tests.unit.test_cart_item.TestCartItem" name="test_cart_item_creation" time="0.000" /><testcase classname="tests.unit.test_cart_item.TestCartItem" name="test_cart_item_default_quantity" time="0.000" /><testcase classname="tests.unit.test_cart_item.TestCartItem" name="test_cart_item_get_total_price" time="0.000" /><testcase classname="tests.unit.test_cart_item.TestCartItem" name="test_cart_item_total_price_single_quantity" time="0.001" /><testcase classname="tests.unit.test_cart_item.TestCartItem" name="test_cart_item_total_price_large_quantity" time="0.000" /><testcase classname="tests.unit.test_cart_parametrized.TestCartParametrized" name="test_cart_add_various_quantities[1-1]" time="0.000" /><testcase classname="tests.unit.test_cart_parametrized.TestCartParametrized" name="test_cart_add_various_quantities[5-5]" time="0.000" /><testcase classname="tests.unit.test_cart_parametrized.TestCartParametrized" name="test_cart_add_various_quantities[10-10]" time="0.000" /><testcase classname="tests.unit.test_cart_parametrized.TestCartParametrized" name="test_cart_add_various_quantities[50-50]" time="0.001" /><testcase classname="tests.unit.test_cart_parametrized.TestCartParametrized" name="test_cart_add_various_quantities[100-100]" time="0.000" /><testcase classname="tests.unit.test_cart_parametrized.TestCartParametrized" name="test_cart_add_various_quantities[1000-1000]" time="0.000" /><testcase classname="tests.unit.test_cart_parametrized.TestCartParametrized" name="test_discount_codes_all_cases[SAVE10-0.1]" time="0.004" /><testcase classname="tests.unit.test_cart_parametrized.TestCartParametrized" name="test_discount_codes_all_cases[save10-0.1]" time="0.002" /><testcase classname="tests.unit.test_cart_parametrized.TestCartParametrized" name="test_discount_codes_all_cases[SaVe10-0.1]" time="0.002" /><testcase classname="tests.unit.test_cart_parametrized.TestCartParametrized" name="test_discount_codes_all_cases[SAVE10 -0.1]" time="0.002" /><testcase classname="tests.unit.test_cart_parametrized.TestCartParametrized" name="test_discount_codes_all_cases[ SAVE10-0.1]" time="0.002" /><testcase classname="tests.unit.test_cart_parametrized.TestCartParametrized" name="test_discount_codes_all_cases[WELCOME20-0.2]" time="0.002" /><testcase classname="tests.unit.test_cart_parametrized.TestCartParametrized" name="test_discount_codes_all_cases[welcome20-0.2]" time="0.002" /><testcase classname="tests.unit.test_cart_parametrized.TestCartParametrized" name="test_discount_codes_all_cases[WeLcOmE20-0.2]" time="0.002" /><testcase classname="tests.unit.test_cart_parametrized.TestCartParametrized" name="test_discount_codes_all_cases[INVALID-0.0]" time="0.002" /><testcase classname="tests.unit.test_cart_parametrized.TestCartParametrized" name="test_discount_codes_all_cases[-0.0]" time="0.002" /><testcase classname="tests.unit.test_cart_parametrized.TestCartParametrized" name="test_discount_codes_all_cases[RANDOM-0.0]" time="0.002" /><testcase classname="tests.unit.test_cart_parametrized.TestCartParametrized" name="test_payment_validation_comprehensive[4532123456781111-True]" time="0.000" /><testcase classname="tests.unit.test_cart_parametrized.TestCartParametrized" name="test_payment_validation_comprehensive[4532123456789012-False]" time="0.000" /><testcase classname="tests.unit.test_cart_parametrized.TestCartParametrized" name="test_payment_validation_comprehensive[-True]" time="0.001"><skipped type="pytest.xfail" message="Payment validation logic may differ from test expectations" /></testcase><testcase classname="tests.unit.test_cart_parametrized.TestCartParametrized" name="test_payment_validation_comprehensive[123-True]" time="0.000"><skipped type="pytest.xfail" message="Payment validation logic may differ from test expectations" /></testcase><testcase classname="tests.unit.test_cart_parametrized.TestCartParametrized" name="test_payment_validation_comprehensive[abcd123456789012-False]" time="0.000" /><testcase classname="tests.unit.test_cart_parametrized.TestCartParametrized" name="test_payment_validation_comprehensive[4111111111111111-False]" time="0.000"><skipped type="pytest.xfail" message="Payment validation logic may differ from test expectations" /></testcase><testcase classname="tests.unit.test_cart_parametrized.TestCartParametrized" name="test_payment_validation_comprehensive[5555555555554444-False]" time="0.000" /><testcase classname="tests.unit.test_cart_parametrized.TestCartParametrized" name="test_payment_validation_comprehensive[0000000000001111-True]" time="0.000" /><testcase classname="tests.unit.test_cart_parametrized.TestCartParametrized" name="test_email_format_validation[test@example.com-True]" time="0.002" /><testcase classname="tests.unit.test_cart_parametrized.TestCartParametrized" name="test_email_format_validation[user.name@domain.com-True]" time="0.002" /><testcase classname="tests.unit.test_cart_parametrized.TestCartParametrized" name="test_email_format_validation[user+tag@example.co.uk-True]" time="0.002" /><testcase classname="tests.unit.test_cart_parametrized.TestCartParametrized" name="test_email_format_validation[invalid.email-False]" time="0.001" /><testcase classname="tests.unit.test_cart_parametrized.TestCartParametrized" name="test_email_format_validation[@example.com-False]" time="0.001" /><testcase classname="tests.unit.test_cart_parametrized.TestCartParametrized" name="test_email_format_validation[test@-False]" time="0.001" /><testcase classname="tests.unit.test_cart_parametrized.TestCartParametrized" name="test_email_format_validation[-False]" time="0.001" /><testcase classname="tests.unit.test_cart_parametrized.TestCartParametrized" name="test_email_format_validation[test @example.com-False]" time="0.001" /><testcase classname="tests.unit.test_cart_parametrized.TestCartParametrized" name="test_email_format_validation[test@exam ple.com-False]" time="0.001" /><testcase classname="tests.unit.test_cart_parametrized.TestCartParametrized" name="test_email_format_validation[&lt;script&gt;@example.com-False]" time="0.001" /><testcase classname="tests.unit.test_cart_parametrized.TestCartParametrized" name="test_update_quantity_edge_cases[0-True]" time="0.001" /><testcase classname="tests.unit.test_cart_parametrized.TestCartParametrized" name="test_update_quantity_edge_cases[-1-True]" time="0.000" /><testcase classname="tests.unit.test_cart_parametrized.TestCartParametrized" name="test_update_quantity_edge_cases[-100-True]" time="0.000" /><testcase classname="tests.unit.test_cart_parametrized.TestCartParametrized" name="test_update_quantity_edge_cases[1-False]" time="0.001" /><testcase classname="tests.unit.test_cart_parametrized.TestCartParametrized" name="test_update_quantity_edge_cases[5-False]" time="0.000" /><testcase classname="tests.unit.test_cart_parametrized.TestCartParametrized" name="test_update_quantity_edge_cases[100-False]" time="0.000" /><testcase classname="tests.unit.test_cart_parametrized.TestBookSearchParametrized" name="test_book_search_with_special_characters[The Great Gatsby-True]" time="0.000" /><testcase classname="tests.unit.test_cart_parametrized.TestBookSearchParametrized" name="test_book_search_with_special_characters[the great gatsby-True]" time="0.001"><skipped type="pytest.xfail" message="Book search may be case-sensitive or exact match only" /></testcase><testcase classname="tests.unit.test_cart_parametrized.TestBookSearchParametrized" name="test_book_search_with_special_characters[THE GREAT GATSBY-True]" time="0.001"><skipped type="pytest.xfail" message="Book search may be case-sensitive or exact match only" /></testcase><testcase classname="tests.unit.test_cart_parametrized.TestBookSearchParametrized" name="test_book_search_with_special_characters[Gatsby-True]" time="0.000"><skipped type="pytest.xfail" message="Book search may be case-sensitive or exact match only" /></testcase><testcase classname="tests.unit.test_cart_parametrized.TestBookSearchParametrized" name="test_book_search_with_special_characters[1984-True]" time="0.001" /><testcase classname="tests.unit.test_cart_parametrized.TestBookSearchParametrized" name="test_book_search_with_special_characters[Nonexistent Book-False]" time="0.000" /><testcase classname="tests.unit.test_cart_parametrized.TestBookSearchParametrized" name="test_book_search_with_special_characters[-False]" time="0.000" /><testcase classname="tests.unit.test_cart_parametrized.TestBookSearchParametrized" name="test_book_search_with_special_characters[@#$%-False]" time="0.001" /><testcase classname="tests.unit.test_cart_parametrized.TestBookSearchParametrized" name="test_book_search_with_special_characters[O'Brien-False]" time="0.000" /><testcase classname="tests.unit.test_cart_parametrized.TestBookSearchParametrized" name="test_book_search_with_special_characters[Book-Name-False]" time="0.000" /><testcase classname="tests.unit.test_cart_parametrized.TestOrderDateSorting" name="test_order_history_sorting_various_sizes[1]" time="0.000" /><testcase classname="tests.unit.test_cart_parametrized.TestOrderDateSorting" name="test_order_history_sorting_various_sizes[5]" time="0.000" /><testcase classname="tests.unit.test_cart_parametrized.TestOrderDateSorting" name="test_order_history_sorting_various_sizes[10]" time="0.000" /><testcase classname="tests.unit.test_cart_parametrized.TestOrderDateSorting" name="test_order_history_sorting_various_sizes[50]" time="0.001" /><testcase classname="tests.unit.test_cart_parametrized.TestOrderDateSorting" name="test_order_history_sorting_various_sizes[100]" time="0.001" /><testcase classname="tests.unit.test_cart_parametrized.TestOrderDateSorting" name="test_order_history_sorting_various_sizes[500]" time="0.002" /><testcase classname="tests.unit.test_email_service.TestEmailService" name="test_send_order_confirmation" time="0.001" /><testcase classname="tests.unit.test_email_service.TestEmailService" name="test_email_contains_order_details" time="0.001" /><testcase classname="tests.unit.test_email_service.TestEmailService" name="test_email_contains_items" time="0.001" /><testcase classname="tests.unit.test_email_service.TestEmailService" name="test_email_contains_shipping_address" time="0.001" /><testcase classname="tests.unit.test_email_service.TestEmailService" name="test_email_service_returns_true" time="0.001" /><testcase classname="tests.unit.test_email_service.TestEmailService" name="test_email_with_multiple_items" time="0.001" /><testcase classname="tests.unit.test_order.TestOrder" name="test_order_creation" time="0.001" /><testcase classname="tests.unit.test_order.TestOrder" name="test_order_has_timestamp" time="0.001" /><testcase classname="tests.unit.test_order.TestOrder" name="test_order_shipping_info" time="0.000" /><testcase classname="tests.unit.test_order.TestOrder" name="test_order_payment_info" time="0.000" /><testcase classname="tests.unit.test_order.TestOrder" name="test_order_to_dict" time="0.001" /><testcase classname="tests.unit.test_order.TestOrder" name="test_order_to_dict_items_format" time="0.001" /><testcase classname="tests.unit.test_order.TestOrder" name="test_order_date_format_in_dict" time="0.003" /><testcase classname="tests.unit.test_order.TestOrder" name="test_order_status_confirmed" time="0.001" /><testcase classname="tests.unit.test_order.TestOrder" name="test_order_items_are_copied" time="0.000" /><testcase classname="tests.unit.test_payment_gateway.TestPaymentGateway" name="test_process_payment_success" time="0.000" /><testcase classname="tests.unit.test_payment_gateway.TestPaymentGateway" name="test_process_payment_failing_card" time="0.000" /><testcase classname="tests.unit.test_payment_gateway.TestPaymentGateway" name="test_process_payment_generates_transaction_id" time="0.000" /><testcase classname="tests.unit.test_payment_gateway.TestPaymentGateway" name="test_process_payment_different_cards" time="0.000" /><testcase classname="tests.unit.test_payment_gateway.TestPaymentGateway" name="test_paypal_payment_no_validation" time="0.000" /><testcase classname="tests.unit.test_payment_gateway.TestPaymentGateway" name="test_payment_with_empty_card_number" time="0.000" /><testcase classname="tests.unit.test_payment_gateway.TestPaymentGateway" name="test_payment_processing_has_delay" time="0.000"><skipped type="pytest.xfail" message="BUG #10 may have been fixed - artificial delay removed" /></testcase><testcase classname="tests.unit.test_payment_gateway.TestPaymentGateway" name="test_payment_card_ending_patterns" time="0.000"><skipped type="pytest.xfail" message="Card ending pattern validation may differ from test expectations" /></testcase><testcase classname="tests.unit.test_payment_gateway.TestPaymentGateway" name="test_payment_returns_all_required_fields" time="0.000" /><testcase classname="tests.unit.test_properties.TestCartProperties" name="test_cart_total_always_positive" time="0.019" /><testcase classname="tests.unit.test_properties.TestCartProperties" name="test_cart_total_calculation_invariant" time="0.025" /><testcase classname="tests.unit.test_properties.TestCartProperties" name="test_cart_item_count_invariant" time="0.011" /><testcase classname="tests.unit.test_properties.TestCartProperties" name="test_cart_update_negative_quantity_removes_item" time="0.011" /><testcase classname="tests.unit.test_properties.TestCartProperties" name="test_cart_multiple_books_total" time="0.021" /><testcase classname="tests.unit.test_properties.TestUserProperties" name="test_order_history_always_sorted" time="0.031" /><testcase classname="tests.unit.test_properties.TestUserProperties" name="test_user_creation_with_any_credentials" time="0.039" /><testcase classname="tests.unit.test_properties.TestUserProperties" name="test_order_history_count_matches_additions" time="0.033" /><testcase classname="tests.unit.test_properties.TestEmailValidationProperties" name="test_email_validation_with_random_strings" time="0.042" /><testcase classname="tests.unit.test_properties.TestEmailValidationProperties" name="test_valid_emails_pass_validation" time="0.386"><skipped type="pytest.xfail" message="Email regex pattern may not match all valid email formats from Hypothesis" /></testcase><testcase classname="tests.unit.test_properties.TestPriceCalculationProperties" name="test_cart_item_total_never_negative" time="0.016" /><testcase classname="tests.unit.test_properties.TestPriceCalculationProperties" name="test_book_price_precision" time="0.015" /><testcase classname="tests.unit.test_properties.TestStringHandlingProperties" name="test_book_title_accepts_any_string" time="0.017" /><testcase classname="tests.unit.test_properties.TestStringHandlingProperties" name="test_user_name_accepts_any_string" time="0.021" /><testcase classname="tests.unit.test_properties.TestStringHandlingProperties" name="test_address_accepts_any_string" time="0.023" /><testcase classname="tests.unit.test_user.TestUser" name="test_user_creation_full" time="0.001" /><testcase classname="tests.unit.test_user.TestUser" name="test_user_creation_minimal" time="0.000" /><testcase classname="tests.unit.test_user.TestUser" name="test_unused_attributes_removed" time="0.000" /><testcase classname="tests.unit.test_user.TestUser" name="test_add_order" time="0.001" /><testcase classname="tests.unit.test_user.TestUser" name="test_add_order_sorting_inefficiency" time="0.001" /><testcase classname="tests.unit.test_user.TestUser" name="test_add_multiple_orders" time="0.000" /><testcase classname="tests.unit.test_user.TestUser" name="test_get_order_history" time="0.001" /><testcase classname="tests.unit.test_user.TestUser" name="test_get_order_history_empty" time="0.000" /><testcase classname="tests.unit.test_user.TestUser" name="test_get_order_history_creates_new_list" time="0.001" /><testcase classname="tests.unit.test_user.TestUser" name="test_user_password_storage" time="0.000" /><testcase classname="tests.unit.test_user.TestUser" name="test_user_with_special_characters_in_email" time="0.003" /></testsuite></testsuites>